[2022-01-08T15:59:42.455] [INFO] info - ***数据库连接成功***
[2022-01-08T16:00:36.019] [INFO] info - ***数据库连接成功***
[2022-01-08T16:00:48.606] [INFO] info - admin server is running at port 8000
[2022-01-08T16:00:48.609] [INFO] info - environment dev
[2022-01-08T16:00:48.627] [INFO] info - ***数据库连接成功***
[2022-01-08T16:01:19.619] [INFO] info - admin server is running at http://localhost:8000
[2022-01-08T16:01:19.622] [INFO] info - environment dev
[2022-01-08T16:01:19.663] [INFO] info - ***数据库连接成功***
[2022-01-08T16:02:58.326] [INFO] info - admin server is running at http://localhost:8000
[2022-01-08T16:02:58.329] [INFO] info - environment dev
[2022-01-08T16:02:58.357] [INFO] info - ***数据库连接成功***
[2022-01-08T16:03:46.877] [INFO] info - admin server is running at http://localhost:8000
[2022-01-08T16:03:46.880] [INFO] info - environment dev
[2022-01-08T16:03:46.905] [INFO] info - ***数据库连接成功***
[2022-01-08T16:04:26.090] [INFO] info - admin server is running at http://localhost:8000
[2022-01-08T16:04:26.093] [INFO] info - environment dev
[2022-01-08T16:04:26.110] [INFO] info - ***数据库连接成功***
[2022-01-08T16:04:34.296] [INFO] info - admin server is running at http://localhost:8000
[2022-01-08T16:04:34.301] [INFO] info - environment dev
[2022-01-08T16:04:34.337] [INFO] info - ***数据库连接成功***
[2022-01-08T16:04:39.706] [INFO] info - admin server is running at http://localhost:8000
[2022-01-08T16:04:39.708] [INFO] info - environment dev
[2022-01-08T16:04:39.736] [INFO] info - ***数据库连接成功***
[2022-01-08T16:05:32.049] [INFO] info - admin server is running at http://localhost:8000
[2022-01-08T16:05:32.053] [INFO] info - environment dev
[2022-01-08T16:05:32.111] [INFO] info - ***数据库连接成功***
[2022-01-08T16:05:56.964] [INFO] info - admin server is running at http://localhost:8000
[2022-01-08T16:05:56.970] [INFO] info - environment dev
[2022-01-08T16:05:57.109] [INFO] info - ***数据库连接成功***
[2022-01-08T16:08:13.111] [INFO] info - admin server is running at http://localhost:8000
[2022-01-08T16:08:13.123] [INFO] info - environment dev
[2022-01-08T16:08:13.150] [INFO] info - ***数据库连接成功***
[2022-01-08T16:08:25.409] [INFO] info - admin server is running at http://localhost:8000
[2022-01-08T16:08:25.412] [INFO] info - environment dev
[2022-01-08T16:08:25.469] [INFO] info - ***数据库连接成功***
[2022-01-08T16:09:11.268] [INFO] info - admin server is running at http://localhost:8000
[2022-01-08T16:09:11.276] [INFO] info - environment dev
[2022-01-08T16:09:11.310] [INFO] info - ***数据库连接成功***
[2022-01-08T16:10:53.789] [INFO] info - admin server is running at http://localhost:8000
[2022-01-08T16:10:53.791] [INFO] info - environment dev
[2022-01-08T16:10:53.820] [INFO] info - ***数据库连接成功***
[2022-01-08T16:11:38.521] [INFO] info - admin server is running at http://localhost:8000
[2022-01-08T16:11:38.523] [INFO] info - environment dev
[2022-01-08T16:11:38.546] [INFO] info - ***数据库连接成功***
[2022-01-08T16:12:15.997] [INFO] info - admin server is running at http://localhost:8000
[2022-01-08T16:12:16.001] [INFO] info - environment dev
[2022-01-08T16:12:16.073] [INFO] info - ***数据库连接成功***
[2022-01-08T16:12:34.379] [INFO] info - admin server is running at http://localhost:8000
[2022-01-08T16:12:34.383] [INFO] info - environment dev
[2022-01-08T16:12:37.402] [INFO] info - admin server is running at http://localhost:8000
[2022-01-08T16:12:37.407] [INFO] info - environment dev
[2022-01-08T16:12:37.455] [INFO] info - ***数据库连接成功***
[2022-01-08T16:13:01.105] [INFO] info - admin server is running at http://localhost:8000
[2022-01-08T16:13:01.108] [INFO] info - environment dev
[2022-01-08T16:13:01.150] [INFO] info - ***数据库连接成功***
[2022-01-08T16:13:14.114] [INFO] info - admin server is running at http://localhost:8000
[2022-01-08T16:13:14.119] [INFO] info - environment dev
[2022-01-08T16:13:14.170] [INFO] info - ***数据库连接成功***
[2022-01-08T16:13:25.990] [INFO] info - admin server is running at http://localhost:8000
[2022-01-08T16:13:26.023] [INFO] info - environment dev
[2022-01-08T16:13:26.141] [INFO] info - ***数据库连接成功***
[2022-01-08T16:13:36.431] [INFO] info - admin server is running at http://localhost:8000
[2022-01-08T16:13:36.435] [INFO] info - environment dev
[2022-01-08T16:13:36.470] [INFO] info - ***数据库连接成功***
[2022-01-08T16:15:17.899] [INFO] info - admin server is running at http://localhost:8000
[2022-01-08T16:15:17.929] [INFO] info - environment dev
[2022-01-08T16:15:18.017] [INFO] info - ***数据库连接成功***
[2022-01-08T16:15:56.040] [INFO] info - admin server is running at http://localhost:8000
[2022-01-08T16:15:56.046] [INFO] info - environment dev
[2022-01-08T16:15:56.088] [INFO] info - ***数据库连接成功***
[2022-01-08T16:16:04.855] [INFO] info - admin server is running at http://localhost:8000
[2022-01-08T16:16:04.858] [INFO] info - environment dev
[2022-01-08T16:16:04.943] [INFO] info - ***数据库连接成功***
[2022-01-08T16:16:41.577] [INFO] info - admin server is running at http://localhost:8000
[2022-01-08T16:16:41.579] [INFO] info - environment dev
[2022-01-08T16:16:41.597] [INFO] info - ***数据库连接成功***
[2022-01-08T16:20:41.375] [INFO] info - admin server is running at http://localhost:8000
[2022-01-08T16:20:41.379] [INFO] info - environment dev
[2022-01-08T16:20:41.465] [INFO] info - ***数据库连接成功***
[2022-01-08T16:20:44.403] [INFO] info - admin server is running at http://localhost:8000
[2022-01-08T16:20:44.429] [INFO] info - environment dev
[2022-01-08T16:20:44.584] [INFO] info - ***数据库连接成功***
[2022-01-08T16:21:12.186] [INFO] info - admin server is running at http://localhost:8000
[2022-01-08T16:21:12.189] [INFO] info - environment dev
[2022-01-08T16:21:12.270] [INFO] info - ***数据库连接成功***
[2022-01-08T16:22:14.201] [INFO] info - admin server is running at http://localhost:8000
[2022-01-08T16:22:14.203] [INFO] info - environment dev
[2022-01-08T16:22:14.228] [INFO] info - ***数据库连接成功***
[2022-01-08T16:22:41.389] [INFO] info - admin server is running at http://localhost:8000
[2022-01-08T16:22:41.392] [INFO] info - environment dev
[2022-01-08T16:22:41.420] [INFO] info - ***数据库连接成功***
[2022-01-08T16:24:25.122] [INFO] info - admin server is running at http://localhost:8000
[2022-01-08T16:24:25.126] [INFO] info - environment dev
[2022-01-08T16:24:25.172] [INFO] info - ***数据库连接成功***
[2022-01-08T16:27:13.466] [INFO] info - admin server is running at http://localhost:8000
[2022-01-08T16:27:13.469] [INFO] info - environment dev
[2022-01-08T16:27:13.511] [INFO] info - ***数据库连接成功***
[2022-01-08T16:27:24.789] [INFO] info - admin server is running at http://localhost:8000
[2022-01-08T16:27:24.792] [INFO] info - environment dev
[2022-01-08T16:27:24.823] [INFO] info - ***数据库连接成功***
[2022-01-08T16:29:48.395] [INFO] info - admin server is running at http://localhost:8000
[2022-01-08T16:29:48.398] [INFO] info - environment dev
[2022-01-08T16:29:48.450] [INFO] info - ***数据库连接成功***
[2022-01-08T16:34:03.179] [INFO] info - admin server is running at http://localhost:8000
[2022-01-08T16:34:03.181] [INFO] info - environment dev
[2022-01-08T16:34:03.244] [INFO] info - ***数据库连接成功***
[2022-01-08T16:34:04.884] [INFO] info - admin server is running at http://localhost:8000
[2022-01-08T16:34:04.888] [INFO] info - environment dev
[2022-01-08T16:34:04.929] [INFO] info - ***数据库连接成功***
[2022-01-08T16:34:07.401] [INFO] info - admin server is running at http://localhost:8000
[2022-01-08T16:34:07.404] [INFO] info - environment dev
[2022-01-08T16:34:07.434] [INFO] info - ***数据库连接成功***
[2022-01-08T16:36:55.328] [INFO] info - admin server is running at http://localhost:8000
[2022-01-08T16:36:55.330] [INFO] info - environment dev
[2022-01-08T16:36:55.350] [INFO] info - ***数据库连接成功***
[2022-01-08T16:37:07.884] [INFO] info - admin server is running at http://localhost:8000
[2022-01-08T16:37:07.887] [INFO] info - environment dev
[2022-01-08T16:37:07.926] [INFO] info - ***数据库连接成功***
[2022-01-08T16:39:08.976] [INFO] info - admin server is running at http://localhost:8000
[2022-01-08T16:39:08.982] [INFO] info - environment dev
[2022-01-08T16:39:09.033] [INFO] info - ***数据库连接成功***
[2022-01-08T17:04:27.457] [INFO] info - admin server is running at http://localhost:8000
[2022-01-08T17:04:27.459] [INFO] info - environment dev
[2022-01-08T17:04:27.485] [INFO] info - ***数据库连接成功***
[2022-01-08T17:04:53.758] [INFO] info - admin server is running at http://localhost:8000
[2022-01-08T17:04:53.771] [INFO] info - environment dev
[2022-01-08T17:04:53.860] [INFO] info - ***数据库连接成功***
[2022-01-08T17:04:56.903] [INFO] info - admin server is running at http://localhost:8000
[2022-01-08T17:04:56.905] [INFO] info - environment dev
[2022-01-08T17:04:56.938] [INFO] info - ***数据库连接成功***
[2022-01-08T17:05:22.981] [INFO] info - admin server is running at http://localhost:8000
[2022-01-08T17:05:23.007] [INFO] info - environment dev
[2022-01-08T17:05:23.066] [INFO] info - ***数据库连接成功***
[2022-01-08T17:05:29.253] [INFO] info - admin server is running at http://localhost:8000
[2022-01-08T17:05:29.263] [INFO] info - environment dev
[2022-01-08T17:05:29.479] [INFO] info - ***数据库连接成功***
[2022-01-08T17:06:16.555] [INFO] info - admin server is running at http://localhost:8000
[2022-01-08T17:06:16.558] [INFO] info - environment dev
[2022-01-08T17:06:16.586] [INFO] info - ***数据库连接成功***
[2022-01-08T17:06:34.914] [INFO] info - admin server is running at http://localhost:8000
[2022-01-08T17:06:34.917] [INFO] info - environment dev
[2022-01-08T17:06:34.934] [INFO] info - ***数据库连接成功***
[2022-01-08T17:06:40.794] [INFO] info - admin server is running at http://localhost:8000
[2022-01-08T17:06:40.797] [INFO] info - environment dev
[2022-01-08T17:06:40.815] [INFO] info - ***数据库连接成功***
[2022-01-08T17:07:21.119] [INFO] info - admin server is running at http://localhost:8000
[2022-01-08T17:07:21.122] [INFO] info - environment dev
[2022-01-08T17:07:21.149] [INFO] info - ***数据库连接成功***
[2022-01-08T17:07:25.665] [INFO] info - admin server is running at http://localhost:8000
[2022-01-08T17:07:25.668] [INFO] info - environment dev
[2022-01-08T17:07:25.709] [INFO] info - ***数据库连接成功***
[2022-01-08T17:07:27.586] [INFO] info - admin server is running at http://localhost:8000
[2022-01-08T17:07:27.588] [INFO] info - environment dev
[2022-01-08T17:07:27.614] [INFO] info - ***数据库连接成功***
[2022-01-08T17:07:57.264] [INFO] info - admin server is running at http://localhost:8000
[2022-01-08T17:07:57.266] [INFO] info - environment dev
[2022-01-08T17:07:57.288] [INFO] info - ***数据库连接成功***
[2022-01-08T17:08:37.788] [INFO] info - admin server is running at http://localhost:8000
[2022-01-08T17:08:37.791] [INFO] info - environment dev
[2022-01-08T17:08:37.814] [INFO] info - ***数据库连接成功***
[2022-01-08T17:08:41.528] [INFO] info - admin server is running at http://localhost:8000
[2022-01-08T17:08:41.531] [INFO] info - environment dev
[2022-01-08T17:08:41.553] [INFO] info - ***数据库连接成功***
[2022-01-08T17:12:12.021] [INFO] info - admin server is running at http://localhost:8000
[2022-01-08T17:12:12.025] [INFO] info - environment dev
[2022-01-08T17:12:12.104] [INFO] info - ***数据库连接成功***
[2022-01-08T17:12:15.470] [INFO] info - admin server is running at http://localhost:8000
[2022-01-08T17:12:15.472] [INFO] info - environment dev
[2022-01-08T17:12:15.513] [INFO] info - ***数据库连接成功***
[2022-01-08T17:12:36.683] [INFO] info - admin server is running at http://localhost:8000
[2022-01-08T17:12:36.685] [INFO] info - environment dev
[2022-01-08T17:12:36.734] [INFO] info - ***数据库连接成功***
[2022-01-08T17:13:45.174] [INFO] info - admin server is running at http://localhost:8000
[2022-01-08T17:13:45.181] [INFO] info - environment dev
[2022-01-08T17:13:45.206] [INFO] info - ***数据库连接成功***
[2022-01-08T17:14:14.334] [INFO] info - admin server is running at http://localhost:8000
[2022-01-08T17:14:14.338] [INFO] info - environment dev
[2022-01-08T17:14:14.408] [INFO] info - ***数据库连接成功***
[2022-01-08T17:16:12.449] [INFO] info - admin server is running at http://localhost:8000
[2022-01-08T17:16:12.451] [INFO] info - environment dev
[2022-01-08T17:16:12.475] [INFO] info - ***数据库连接成功***
[2022-01-08T17:16:40.212] [INFO] info - admin server is running at http://localhost:8000
[2022-01-08T17:16:40.214] [INFO] info - environment dev
[2022-01-08T17:16:40.280] [INFO] info - ***数据库连接成功***
[2022-01-08T17:17:11.378] [INFO] info - admin server is running at http://localhost:8000
[2022-01-08T17:17:11.380] [INFO] info - environment dev
[2022-01-08T17:17:11.440] [INFO] info - ***数据库连接成功***
[2022-01-08T17:17:18.924] [INFO] info - admin server is running at http://localhost:8000
[2022-01-08T17:17:18.926] [INFO] info - environment dev
[2022-01-08T17:17:18.950] [INFO] info - ***数据库连接成功***
[2022-01-08T18:33:21.199] [INFO] info - admin server is running at http://localhost:8000
[2022-01-08T18:33:21.202] [INFO] info - environment dev
[2022-01-08T18:33:21.228] [INFO] info - ***数据库连接成功***
[2022-01-08T18:33:24.849] [INFO] info - {}
[2022-01-08T18:33:41.374] [INFO] info - admin server is running at http://localhost:8000
[2022-01-08T18:33:41.376] [INFO] info - environment dev
[2022-01-08T18:33:41.440] [INFO] info - ***数据库连接成功***
[2022-01-08T18:33:57.225] [INFO] info - admin server is running at http://localhost:8000
[2022-01-08T18:33:57.228] [INFO] info - environment dev
[2022-01-08T18:33:57.273] [INFO] info - ***数据库连接成功***
[2022-01-08T18:34:46.670] [INFO] info - admin server is running at http://localhost:8000
[2022-01-08T18:34:46.673] [INFO] info - environment dev
[2022-01-08T18:34:46.732] [INFO] info - ***数据库连接成功***
[2022-01-08T18:34:49.696] [INFO] info - admin server is running at http://localhost:8000
[2022-01-08T18:34:49.698] [INFO] info - environment dev
[2022-01-08T18:34:49.726] [INFO] info - ***数据库连接成功***
[2022-01-08T18:34:55.458] [INFO] info - admin server is running at http://localhost:8000
[2022-01-08T18:34:55.462] [INFO] info - environment dev
[2022-01-08T18:34:55.514] [INFO] info - ***数据库连接成功***
[2022-01-08T18:37:30.781] [INFO] info - admin server is running at http://localhost:8000
[2022-01-08T18:37:30.783] [INFO] info - environment dev
[2022-01-08T18:37:30.837] [INFO] info - ***数据库连接成功***
[2022-01-08T18:38:09.809] [INFO] info - admin server is running at http://localhost:8000
[2022-01-08T18:38:09.812] [INFO] info - environment dev
[2022-01-08T18:38:09.837] [INFO] info - ***数据库连接成功***
[2022-01-08T18:38:50.487] [INFO] info - admin server is running at http://localhost:8000
[2022-01-08T18:38:50.489] [INFO] info - environment dev
[2022-01-08T18:38:50.523] [INFO] info - ***数据库连接成功***
[2022-01-08T18:39:01.047] [INFO] info - admin server is running at http://localhost:8000
[2022-01-08T18:39:01.049] [INFO] info - environment dev
[2022-01-08T18:39:01.107] [INFO] info - ***数据库连接成功***
[2022-01-08T18:39:33.564] [INFO] info - admin server is running at http://localhost:8000
[2022-01-08T18:39:33.568] [INFO] info - environment dev
[2022-01-08T18:39:33.646] [INFO] info - ***数据库连接成功***
[2022-01-08T18:40:12.200] [INFO] info - admin server is running at http://localhost:8000
[2022-01-08T18:40:12.204] [INFO] info - environment dev
[2022-01-08T18:40:12.379] [INFO] info - ***数据库连接成功***
[2022-01-08T18:40:55.011] [INFO] info - admin server is running at http://localhost:8000
[2022-01-08T18:40:55.014] [INFO] info - environment dev
[2022-01-08T18:40:55.038] [INFO] info - ***数据库连接成功***
[2022-01-08T18:40:58.057] [INFO] info - admin server is running at http://localhost:8000
[2022-01-08T18:40:58.059] [INFO] info - environment dev
[2022-01-08T18:40:58.102] [INFO] info - ***数据库连接成功***
[2022-01-08T18:41:06.277] [INFO] info - admin server is running at http://localhost:8000
[2022-01-08T18:41:06.281] [INFO] info - environment dev
[2022-01-08T18:41:06.361] [INFO] info - ***数据库连接成功***
[2022-01-08T18:42:41.277] [INFO] info - admin server is running at http://localhost:8000
[2022-01-08T18:42:41.280] [INFO] info - environment dev
[2022-01-08T18:42:41.335] [INFO] info - ***数据库连接成功***
[2022-01-08T18:42:55.149] [INFO] info - admin server is running at http://localhost:8000
[2022-01-08T18:42:55.152] [INFO] info - environment dev
[2022-01-08T18:42:55.217] [INFO] info - ***数据库连接成功***
[2022-01-08T18:43:01.044] [INFO] info - admin server is running at http://localhost:8000
[2022-01-08T18:43:01.087] [INFO] info - environment dev
[2022-01-08T18:43:01.208] [INFO] info - ***数据库连接成功***
[2022-01-08T18:43:08.003] [INFO] info - admin server is running at http://localhost:8000
[2022-01-08T18:43:08.006] [INFO] info - environment dev
[2022-01-08T18:43:08.073] [INFO] info - ***数据库连接成功***
[2022-01-08T18:44:10.357] [INFO] info - admin server is running at http://localhost:8000
[2022-01-08T18:44:10.359] [INFO] info - environment dev
[2022-01-08T18:44:10.393] [INFO] info - ***数据库连接成功***
[2022-01-08T18:44:51.024] [INFO] info - admin server is running at http://localhost:8000
[2022-01-08T18:44:51.026] [INFO] info - environment dev
[2022-01-08T18:44:51.084] [INFO] info - ***数据库连接成功***
[2022-01-08T18:46:21.287] [INFO] info - admin server is running at http://localhost:8000
[2022-01-08T18:46:21.289] [INFO] info - environment dev
[2022-01-08T18:46:21.316] [INFO] info - ***数据库连接成功***
[2022-01-08T18:46:33.399] [INFO] info - admin server is running at http://localhost:8000
[2022-01-08T18:46:33.401] [INFO] info - environment dev
[2022-01-08T18:46:33.425] [INFO] info - ***数据库连接成功***
[2022-01-08T18:46:46.690] [INFO] info - admin server is running at http://localhost:8000
[2022-01-08T18:46:46.693] [INFO] info - environment dev
[2022-01-08T18:46:46.748] [INFO] info - ***数据库连接成功***
[2022-01-08T18:48:57.465] [INFO] info - admin server is running at http://localhost:8000
[2022-01-08T18:48:57.468] [INFO] info - environment dev
[2022-01-08T18:48:57.525] [INFO] info - ***数据库连接成功***
[2022-01-08T18:49:00.557] [INFO] info - admin server is running at http://localhost:8000
[2022-01-08T18:49:00.561] [INFO] info - environment dev
[2022-01-08T18:49:00.671] [INFO] info - ***数据库连接成功***
[2022-01-08T18:50:11.125] [INFO] info - admin server is running at http://localhost:8000
[2022-01-08T18:50:11.128] [INFO] info - environment dev
[2022-01-08T18:50:11.168] [INFO] info - ***数据库连接成功***
[2022-01-08T18:51:24.523] [INFO] info - admin server is running at http://localhost:8000
[2022-01-08T18:51:24.527] [INFO] info - environment dev
[2022-01-08T18:51:24.557] [INFO] info - ***数据库连接成功***
[2022-01-08T18:52:09.542] [INFO] info - admin server is running at http://localhost:8000
[2022-01-08T18:52:09.544] [INFO] info - environment dev
[2022-01-08T18:52:09.567] [INFO] info - ***数据库连接成功***
[2022-01-08T18:52:37.838] [INFO] info - admin server is running at http://localhost:8000
[2022-01-08T18:52:37.840] [INFO] info - environment dev
[2022-01-08T18:52:37.923] [INFO] info - ***数据库连接成功***
[2022-01-08T18:52:55.287] [INFO] info - admin server is running at http://localhost:8000
[2022-01-08T18:52:55.289] [INFO] info - environment dev
[2022-01-08T18:52:55.343] [INFO] info - ***数据库连接成功***
[2022-01-08T18:53:02.260] [INFO] info - admin server is running at http://localhost:8000
[2022-01-08T18:53:02.266] [INFO] info - environment dev
[2022-01-08T18:53:02.310] [INFO] info - ***数据库连接成功***
[2022-01-08T20:24:34.603] [INFO] info - admin server is running at http://localhost:8000
[2022-01-08T20:24:34.606] [INFO] info - environment dev
[2022-01-08T20:24:34.644] [INFO] info - ***数据库连接成功***
[2022-01-08T20:24:51.222] [INFO] info - admin server is running at http://localhost:8000
[2022-01-08T20:24:51.225] [INFO] info - environment dev
[2022-01-08T20:24:51.258] [INFO] info - ***数据库连接成功***
[2022-01-08T20:25:30.456] [INFO] info - admin server is running at http://localhost:8000
[2022-01-08T20:25:30.458] [INFO] info - environment dev
[2022-01-08T20:25:30.479] [INFO] info - ***数据库连接成功***
[2022-01-08T20:26:49.082] [INFO] info - admin server is running at http://localhost:8000
[2022-01-08T20:26:49.084] [INFO] info - environment dev
[2022-01-08T20:26:49.135] [INFO] info - ***数据库连接成功***
[2022-01-08T20:35:45.753] [INFO] info - admin server is running at http://localhost:8000
[2022-01-08T20:35:45.761] [INFO] info - environment dev
[2022-01-08T20:35:45.804] [INFO] info - ***数据库连接成功***
[2022-01-08T20:35:56.407] [INFO] info - admin server is running at http://localhost:8000
[2022-01-08T20:35:56.411] [INFO] info - environment dev
[2022-01-08T20:35:56.471] [INFO] info - ***数据库连接成功***
[2022-01-08T20:36:01.671] [INFO] info - admin server is running at http://localhost:8000
[2022-01-08T20:36:01.673] [INFO] info - environment dev
[2022-01-08T20:36:01.714] [INFO] info - ***数据库连接成功***
[2022-01-08T21:25:34.035] [INFO] info - admin server is running at http://localhost:8000
[2022-01-08T21:25:34.037] [INFO] info - environment dev
[2022-01-08T21:25:34.063] [INFO] info - ***数据库连接成功***
[2022-01-08T21:25:38.322] [INFO] info - admin server is running at http://localhost:8000
[2022-01-08T21:25:38.324] [INFO] info - environment dev
[2022-01-08T21:25:38.373] [INFO] info - ***数据库连接成功***
[2022-01-08T21:25:42.935] [INFO] info - admin server is running at http://localhost:8000
[2022-01-08T21:25:42.938] [INFO] info - environment dev
[2022-01-08T21:25:43.060] [INFO] info - ***数据库连接成功***
[2022-01-08T21:26:44.654] [INFO] info - admin server is running at http://localhost:8000
[2022-01-08T21:26:44.682] [INFO] info - environment dev
[2022-01-08T21:26:44.788] [INFO] info - ***数据库连接成功***
[2022-01-08T21:27:06.554] [INFO] info - admin server is running at http://localhost:8000
[2022-01-08T21:27:06.557] [INFO] info - environment dev
[2022-01-08T21:27:06.603] [INFO] info - ***数据库连接成功***
[2022-01-08T21:27:32.983] [INFO] info - admin server is running at http://localhost:8000
[2022-01-08T21:27:32.988] [INFO] info - environment dev
[2022-01-08T21:27:33.053] [INFO] info - ***数据库连接成功***
[2022-01-08T21:27:55.950] [INFO] info - admin server is running at http://localhost:8000
[2022-01-08T21:27:55.952] [INFO] info - environment dev
[2022-01-08T21:27:55.993] [INFO] info - ***数据库连接成功***
[2022-01-08T21:28:22.191] [INFO] info - admin server is running at http://localhost:8000
[2022-01-08T21:28:22.193] [INFO] info - environment dev
[2022-01-08T21:28:22.245] [INFO] info - ***数据库连接成功***
[2022-01-08T21:28:46.162] [INFO] info - admin server is running at http://localhost:8000
[2022-01-08T21:28:46.164] [INFO] info - environment dev
[2022-01-08T21:28:46.189] [INFO] info - ***数据库连接成功***
[2022-01-08T21:29:34.159] [INFO] info - admin server is running at http://localhost:8000
[2022-01-08T21:29:34.161] [INFO] info - environment dev
[2022-01-08T21:29:34.182] [INFO] info - ***数据库连接成功***
[2022-01-08T21:30:34.254] [INFO] info - admin server is running at http://localhost:8000
[2022-01-08T21:30:34.256] [INFO] info - environment dev
[2022-01-08T21:30:34.295] [INFO] info - ***数据库连接成功***
[2022-01-08T21:30:39.817] [INFO] info - admin server is running at http://localhost:8000
[2022-01-08T21:30:39.819] [INFO] info - environment dev
[2022-01-08T21:30:39.851] [INFO] info - ***数据库连接成功***
[2022-01-08T21:31:00.456] [INFO] info - admin server is running at http://localhost:8000
[2022-01-08T21:31:00.458] [INFO] info - environment dev
[2022-01-08T21:31:00.488] [INFO] info - ***数据库连接成功***
[2022-01-08T21:31:19.943] [INFO] info - admin server is running at http://localhost:8000
[2022-01-08T21:31:19.946] [INFO] info - environment dev
[2022-01-08T21:31:19.988] [INFO] info - ***数据库连接成功***
[2022-01-08T21:31:49.323] [INFO] info - admin server is running at http://localhost:8000
[2022-01-08T21:31:49.325] [INFO] info - environment dev
[2022-01-08T21:31:49.346] [INFO] info - ***数据库连接成功***
[2022-01-08T21:31:57.765] [INFO] info - admin server is running at http://localhost:8000
[2022-01-08T21:31:57.769] [INFO] info - environment dev
[2022-01-08T21:31:57.841] [INFO] info - ***数据库连接成功***
[2022-01-08T21:32:12.638] [INFO] info - admin server is running at http://localhost:8000
[2022-01-08T21:32:12.640] [INFO] info - environment dev
[2022-01-08T21:32:12.662] [INFO] info - ***数据库连接成功***
[2022-01-08T21:33:04.415] [INFO] info - admin server is running at http://localhost:8000
[2022-01-08T21:33:04.418] [INFO] info - environment dev
[2022-01-08T21:33:04.480] [INFO] info - ***数据库连接成功***
[2022-01-08T21:35:53.066] [INFO] info - admin server is running at http://localhost:8000
[2022-01-08T21:35:53.069] [INFO] info - environment dev
[2022-01-08T21:35:53.136] [INFO] info - ***数据库连接成功***
[2022-01-08T21:35:56.322] [INFO] info - admin server is running at http://localhost:8000
[2022-01-08T21:35:56.325] [INFO] info - environment dev
[2022-01-08T21:35:56.344] [INFO] info - ***数据库连接成功***
[2022-01-08T22:05:45.868] [INFO] info - admin server is running at http://localhost:8000
[2022-01-08T22:05:45.870] [INFO] info - environment dev
[2022-01-08T22:05:45.930] [INFO] info - ***数据库连接成功***
[2022-01-08T22:06:06.670] [INFO] info - admin server is running at http://localhost:8000
[2022-01-08T22:06:06.672] [INFO] info - environment dev
[2022-01-08T22:06:06.724] [INFO] info - ***数据库连接成功***
[2022-01-08T22:06:08.433] [INFO] info - admin server is running at http://localhost:8000
[2022-01-08T22:06:08.443] [INFO] info - environment dev
[2022-01-08T22:06:08.525] [INFO] info - ***数据库连接成功***
[2022-01-08T22:07:46.827] [INFO] info - admin server is running at http://localhost:8000
[2022-01-08T22:07:46.830] [INFO] info - environment dev
[2022-01-08T22:07:46.918] [INFO] info - ***数据库连接成功***
[2022-01-08T22:10:11.780] [INFO] info - admin server is running at http://localhost:8000
[2022-01-08T22:10:11.783] [INFO] info - environment dev
[2022-01-08T22:10:11.808] [INFO] info - ***数据库连接成功***
[2022-01-08T22:10:19.783] [INFO] info - admin server is running at http://localhost:8000
[2022-01-08T22:10:19.786] [INFO] info - environment dev
[2022-01-08T22:10:20.029] [INFO] info - ***数据库连接成功***
[2022-01-08T22:11:59.954] [INFO] info - admin server is running at http://localhost:8000
[2022-01-08T22:11:59.963] [INFO] info - environment dev
[2022-01-08T22:12:00.016] [INFO] info - ***数据库连接成功***
[2022-01-08T22:13:29.564] [INFO] info - admin server is running at http://localhost:8000
[2022-01-08T22:13:29.567] [INFO] info - environment dev
[2022-01-08T22:13:29.614] [INFO] info - ***数据库连接成功***
[2022-01-08T22:13:30.932] [INFO] info - admin server is running at http://localhost:8000
[2022-01-08T22:13:30.936] [INFO] info - environment dev
[2022-01-08T22:13:30.982] [INFO] info - ***数据库连接成功***
[2022-01-08T22:14:52.446] [INFO] info - admin server is running at http://localhost:8000
[2022-01-08T22:14:52.449] [INFO] info - environment dev
[2022-01-08T22:14:52.482] [INFO] info - ***数据库连接成功***
[2022-01-08T22:15:56.583] [INFO] info - admin server is running at http://localhost:8000
[2022-01-08T22:15:56.585] [INFO] info - environment dev
[2022-01-08T22:15:56.613] [INFO] info - ***数据库连接成功***
[2022-01-08T22:17:00.716] [INFO] info - admin server is running at http://localhost:8000
[2022-01-08T22:17:00.718] [INFO] info - environment dev
[2022-01-08T22:17:00.753] [INFO] info - ***数据库连接成功***
[2022-01-08T22:17:23.990] [INFO] info - admin server is running at http://localhost:8000
[2022-01-08T22:17:23.993] [INFO] info - environment dev
[2022-01-08T22:17:24.020] [INFO] info - ***数据库连接成功***
[2022-01-08T22:17:55.386] [INFO] info - admin server is running at http://localhost:8000
[2022-01-08T22:17:55.397] [INFO] info - environment dev
[2022-01-08T22:17:55.438] [INFO] info - ***数据库连接成功***
[2022-01-08T22:18:33.906] [INFO] info - admin server is running at http://localhost:8000
[2022-01-08T22:18:33.909] [INFO] info - environment dev
[2022-01-08T22:18:33.977] [INFO] info - ***数据库连接成功***
[2022-01-08T22:19:01.688] [INFO] info - admin server is running at http://localhost:8000
[2022-01-08T22:19:01.690] [INFO] info - environment dev
[2022-01-08T22:19:01.739] [INFO] info - ***数据库连接成功***
[2022-01-08T22:28:51.775] [INFO] info - admin server is running at http://localhost:8000
[2022-01-08T22:28:51.778] [INFO] info - environment dev
[2022-01-08T22:28:51.802] [INFO] info - ***数据库连接成功***
[2022-01-08T22:29:03.999] [INFO] info - admin server is running at http://localhost:8000
[2022-01-08T22:29:04.003] [INFO] info - environment dev
[2022-01-08T22:29:04.095] [INFO] info - ***数据库连接成功***
[2022-01-08T22:31:14.048] [INFO] info - admin server is running at http://localhost:8000
[2022-01-08T22:31:14.051] [INFO] info - environment dev
[2022-01-08T22:31:14.074] [INFO] info - ***数据库连接成功***
<<<<<<< HEAD
[2022-01-09T21:07:17.403] [INFO] info - ***数据库连接成功***
=======
[2022-01-09T10:46:37.718] [INFO] info - admin server is running at http://localhost:8000
[2022-01-09T10:46:37.720] [INFO] info - environment dev
[2022-01-09T10:46:38.368] [INFO] info - ***数据库连接成功***
[2022-01-09T10:57:57.686] [INFO] info - admin server is running at http://localhost:8000
[2022-01-09T10:57:57.688] [INFO] info - environment dev
[2022-01-09T10:57:57.737] [INFO] info - ***数据库连接成功***
[2022-01-09T10:58:43.555] [INFO] info - admin server is running at http://localhost:8000
[2022-01-09T10:58:43.558] [INFO] info - environment dev
[2022-01-09T10:58:43.579] [INFO] info - ***数据库连接成功***
[2022-01-09T10:59:17.274] [INFO] info - admin server is running at http://localhost:8000
[2022-01-09T10:59:17.276] [INFO] info - environment dev
[2022-01-09T10:59:17.305] [INFO] info - ***数据库连接成功***
[2022-01-09T10:59:25.373] [INFO] info - admin server is running at http://localhost:8000
[2022-01-09T10:59:25.376] [INFO] info - environment dev
[2022-01-09T10:59:25.393] [INFO] info - ***数据库连接成功***
[2022-01-09T11:03:48.299] [INFO] info - admin server is running at http://localhost:8000
[2022-01-09T11:03:48.301] [INFO] info - environment dev
[2022-01-09T11:03:48.346] [INFO] info - ***数据库连接成功***
[2022-01-09T11:04:04.842] [INFO] info - admin server is running at http://localhost:8000
[2022-01-09T11:04:04.844] [INFO] info - environment dev
[2022-01-09T11:04:04.867] [INFO] info - ***数据库连接成功***
[2022-01-09T11:04:07.782] [INFO] info - admin server is running at http://localhost:8000
[2022-01-09T11:04:07.785] [INFO] info - environment dev
[2022-01-09T11:04:07.807] [INFO] info - ***数据库连接成功***
[2022-01-09T11:04:13.990] [INFO] info - admin server is running at http://localhost:8000
[2022-01-09T11:04:13.993] [INFO] info - environment dev
[2022-01-09T11:04:14.016] [INFO] info - ***数据库连接成功***
[2022-01-09T11:04:43.145] [INFO] info - admin server is running at http://localhost:8000
[2022-01-09T11:04:43.148] [INFO] info - environment dev
[2022-01-09T11:04:43.187] [INFO] info - ***数据库连接成功***
[2022-01-09T11:04:56.357] [INFO] info - admin server is running at http://localhost:8000
[2022-01-09T11:04:56.359] [INFO] info - environment dev
[2022-01-09T11:04:56.378] [INFO] info - ***数据库连接成功***
[2022-01-09T11:21:35.032] [INFO] info - admin server is running at http://localhost:8000
[2022-01-09T11:21:35.035] [INFO] info - environment dev
[2022-01-09T11:21:35.097] [INFO] info - ***数据库连接成功***
[2022-01-09T11:21:37.480] [INFO] info - admin server is running at http://localhost:8000
[2022-01-09T11:21:37.482] [INFO] info - environment dev
[2022-01-09T11:21:37.501] [INFO] info - ***数据库连接成功***
[2022-01-09T11:21:39.541] [INFO] info - admin server is running at http://localhost:8000
[2022-01-09T11:21:39.563] [INFO] info - environment dev
[2022-01-09T11:21:39.598] [INFO] info - ***数据库连接成功***
[2022-01-09T11:22:07.948] [INFO] info - admin server is running at http://localhost:8000
[2022-01-09T11:22:07.950] [INFO] info - environment dev
[2022-01-09T11:22:07.973] [INFO] info - ***数据库连接成功***
[2022-01-09T11:22:12.337] [INFO] info - admin server is running at http://localhost:8000
[2022-01-09T11:22:12.340] [INFO] info - environment dev
[2022-01-09T11:22:12.356] [INFO] info - ***数据库连接成功***
[2022-01-09T11:22:21.518] [INFO] info - admin server is running at http://localhost:8000
[2022-01-09T11:22:21.522] [INFO] info - environment dev
[2022-01-09T11:22:21.545] [INFO] info - ***数据库连接成功***
[2022-01-09T11:22:25.830] [INFO] info - admin server is running at http://localhost:8000
[2022-01-09T11:22:25.832] [INFO] info - environment dev
[2022-01-09T11:22:25.850] [INFO] info - ***数据库连接成功***
[2022-01-10T14:38:24.817] [INFO] info - admin server is running at http://localhost:8000
[2022-01-10T14:38:24.819] [INFO] info - environment dev
[2022-01-10T14:38:25.071] [INFO] info - ***数据库连接成功***
[2022-01-10T14:39:51.650] [INFO] info - admin server is running at http://localhost:8000
[2022-01-10T14:39:51.653] [INFO] info - environment dev
[2022-01-10T14:39:51.671] [INFO] info - ***数据库连接成功***
[2022-01-10T14:46:35.286] [INFO] info - admin server is running at http://localhost:8000
[2022-01-10T14:46:35.288] [INFO] info - environment dev
[2022-01-10T14:46:35.354] [INFO] info - ***数据库连接成功***
[2022-01-10T14:46:42.878] [INFO] info - admin server is running at http://localhost:8000
[2022-01-10T14:46:42.880] [INFO] info - environment dev
[2022-01-10T14:46:42.918] [INFO] info - ***数据库连接成功***
[2022-01-10T14:46:49.913] [INFO] info - admin server is running at http://localhost:8000
[2022-01-10T14:46:49.916] [INFO] info - environment dev
[2022-01-10T14:46:49.946] [INFO] info - ***数据库连接成功***
[2022-01-10T14:46:56.799] [INFO] info - admin server is running at http://localhost:8000
[2022-01-10T14:46:56.811] [INFO] info - environment dev
[2022-01-10T14:46:56.854] [INFO] info - ***数据库连接成功***
[2022-01-10T14:47:07.684] [INFO] info - admin server is running at http://localhost:8000
[2022-01-10T14:47:07.686] [INFO] info - environment dev
[2022-01-10T14:47:07.715] [INFO] info - ***数据库连接成功***
[2022-01-10T14:47:09.736] [INFO] info - admin server is running at http://localhost:8000
[2022-01-10T14:47:09.738] [INFO] info - environment dev
[2022-01-10T14:47:09.755] [INFO] info - ***数据库连接成功***
[2022-01-10T14:47:17.864] [INFO] info - admin server is running at http://localhost:8000
[2022-01-10T14:47:17.867] [INFO] info - environment dev
[2022-01-10T14:47:17.887] [INFO] info - ***数据库连接成功***
[2022-01-10T14:47:20.035] [INFO] info - admin server is running at http://localhost:8000
[2022-01-10T14:47:20.037] [INFO] info - environment dev
[2022-01-10T14:47:20.058] [INFO] info - ***数据库连接成功***
[2022-01-10T14:47:25.004] [INFO] info - admin server is running at http://localhost:8000
[2022-01-10T14:47:25.007] [INFO] info - environment dev
[2022-01-10T14:47:25.053] [INFO] info - ***数据库连接成功***
[2022-01-10T14:47:32.330] [INFO] info - admin server is running at http://localhost:8000
[2022-01-10T14:47:32.334] [INFO] info - environment dev
[2022-01-10T14:47:32.363] [INFO] info - ***数据库连接成功***
[2022-01-10T14:47:36.448] [INFO] info - admin server is running at http://localhost:8000
[2022-01-10T14:47:36.452] [INFO] info - environment dev
[2022-01-10T14:47:36.479] [INFO] info - ***数据库连接成功***
[2022-01-10T14:47:45.547] [INFO] info - admin server is running at http://localhost:8000
[2022-01-10T14:47:45.554] [INFO] info - environment dev
[2022-01-10T14:47:45.583] [INFO] info - ***数据库连接成功***
[2022-01-10T14:48:57.531] [INFO] info - admin server is running at http://localhost:8000
[2022-01-10T14:48:57.536] [INFO] info - environment dev
[2022-01-10T14:48:57.556] [INFO] info - ***数据库连接成功***
[2022-01-10T14:50:25.074] [INFO] info - admin server is running at http://localhost:8000
[2022-01-10T14:50:25.107] [INFO] info - environment dev
[2022-01-10T14:50:25.173] [INFO] info - ***数据库连接成功***
[2022-01-10T14:50:27.895] [INFO] info - admin server is running at http://localhost:8000
[2022-01-10T14:50:27.898] [INFO] info - environment dev
[2022-01-10T14:50:27.917] [INFO] info - ***数据库连接成功***
[2022-01-10T14:51:13.169] [INFO] info - admin server is running at http://localhost:8000
[2022-01-10T14:51:13.172] [INFO] info - environment dev
[2022-01-10T14:51:13.198] [INFO] info - ***数据库连接成功***
[2022-01-10T14:51:22.028] [INFO] info - admin server is running at http://localhost:8000
[2022-01-10T14:51:22.033] [INFO] info - environment dev
[2022-01-10T14:51:22.090] [INFO] info - ***数据库连接成功***
[2022-01-10T14:51:23.961] [INFO] info - admin server is running at http://localhost:8000
[2022-01-10T14:51:23.963] [INFO] info - environment dev
[2022-01-10T14:51:23.990] [INFO] info - ***数据库连接成功***
[2022-01-10T14:52:40.795] [INFO] info - admin server is running at http://localhost:8000
[2022-01-10T14:52:40.801] [INFO] info - environment dev
[2022-01-10T14:52:40.819] [INFO] info - ***数据库连接成功***
[2022-01-10T14:52:48.418] [INFO] info - admin server is running at http://localhost:8000
[2022-01-10T14:52:48.441] [INFO] info - environment dev
[2022-01-10T14:52:48.466] [INFO] info - ***数据库连接成功***
[2022-01-10T14:53:07.031] [INFO] info - admin server is running at http://localhost:8000
[2022-01-10T14:53:07.034] [INFO] info - environment dev
[2022-01-10T14:53:07.062] [INFO] info - ***数据库连接成功***
[2022-01-10T14:53:17.822] [INFO] info - admin server is running at http://localhost:8000
[2022-01-10T14:53:17.825] [INFO] info - environment dev
[2022-01-10T14:53:17.845] [INFO] info - ***数据库连接成功***
[2022-01-10T14:53:21.403] [INFO] info - admin server is running at http://localhost:8000
[2022-01-10T14:53:21.405] [INFO] info - environment dev
[2022-01-10T14:53:21.421] [INFO] info - ***数据库连接成功***
[2022-01-10T14:53:24.944] [INFO] info - admin server is running at http://localhost:8000
[2022-01-10T14:53:24.947] [INFO] info - environment dev
[2022-01-10T14:53:24.963] [INFO] info - ***数据库连接成功***
[2022-01-10T14:53:30.492] [INFO] info - admin server is running at http://localhost:8000
[2022-01-10T14:53:30.497] [INFO] info - environment dev
[2022-01-10T14:53:30.522] [INFO] info - ***数据库连接成功***
[2022-01-10T14:53:37.974] [INFO] info - admin server is running at http://localhost:8000
[2022-01-10T14:53:37.977] [INFO] info - environment dev
[2022-01-10T14:53:38.018] [INFO] info - ***数据库连接成功***
[2022-01-10T14:53:45.631] [INFO] info - admin server is running at http://localhost:8000
[2022-01-10T14:53:45.634] [INFO] info - environment dev
[2022-01-10T14:53:47.638] [INFO] info - admin server is running at http://localhost:8000
[2022-01-10T14:53:47.640] [INFO] info - environment dev
[2022-01-10T14:53:47.657] [INFO] info - ***数据库连接成功***
[2022-01-10T14:54:06.764] [INFO] info - admin server is running at http://localhost:8000
[2022-01-10T14:54:06.781] [INFO] info - environment dev
[2022-01-10T14:54:06.809] [INFO] info - ***数据库连接成功***
[2022-01-10T14:54:17.095] [INFO] info - admin server is running at http://localhost:8000
[2022-01-10T14:54:17.101] [INFO] info - environment dev
[2022-01-10T14:54:18.954] [INFO] info - admin server is running at http://localhost:8000
[2022-01-10T14:54:18.956] [INFO] info - environment dev
[2022-01-10T14:54:18.975] [INFO] info - ***数据库连接成功***
[2022-01-10T14:54:21.502] [INFO] info - admin server is running at http://localhost:8000
[2022-01-10T14:54:21.505] [INFO] info - environment dev
[2022-01-10T14:54:21.524] [INFO] info - ***数据库连接成功***
[2022-01-10T14:54:28.342] [INFO] info - admin server is running at http://localhost:8000
[2022-01-10T14:54:28.348] [INFO] info - environment dev
[2022-01-10T14:54:28.401] [INFO] info - ***数据库连接成功***
[2022-01-10T14:54:31.446] [INFO] info - admin server is running at http://localhost:8000
[2022-01-10T14:54:31.448] [INFO] info - environment dev
[2022-01-10T14:54:31.473] [INFO] info - ***数据库连接成功***
[2022-01-10T14:54:49.321] [INFO] info - admin server is running at http://localhost:8000
[2022-01-10T14:54:49.324] [INFO] info - environment dev
[2022-01-10T14:54:49.353] [INFO] info - ***数据库连接成功***
[2022-01-10T14:54:54.473] [INFO] info - admin server is running at http://localhost:8000
[2022-01-10T14:54:54.475] [INFO] info - environment dev
[2022-01-10T14:54:54.502] [INFO] info - ***数据库连接成功***
[2022-01-10T14:54:59.676] [INFO] info - admin server is running at http://localhost:8000
[2022-01-10T14:54:59.678] [INFO] info - environment dev
[2022-01-10T14:54:59.697] [INFO] info - ***数据库连接成功***
[2022-01-10T14:55:09.541] [INFO] info - admin server is running at http://localhost:8000
[2022-01-10T14:55:09.543] [INFO] info - environment dev
[2022-01-10T14:55:09.567] [INFO] info - ***数据库连接成功***
[2022-01-10T14:55:11.953] [INFO] info - admin server is running at http://localhost:8000
[2022-01-10T14:55:11.955] [INFO] info - environment dev
[2022-01-10T14:55:11.985] [INFO] info - ***数据库连接成功***
[2022-01-10T14:55:14.194] [INFO] info - admin server is running at http://localhost:8000
[2022-01-10T14:55:14.197] [INFO] info - environment dev
[2022-01-10T14:55:14.217] [INFO] info - ***数据库连接成功***
[2022-01-10T14:55:39.524] [INFO] info - admin server is running at http://localhost:8000
[2022-01-10T14:55:39.527] [INFO] info - environment dev
[2022-01-10T14:55:39.544] [INFO] info - ***数据库连接成功***
[2022-01-10T14:55:51.486] [INFO] info - admin server is running at http://localhost:8000
[2022-01-10T14:55:51.488] [INFO] info - environment dev
[2022-01-10T14:55:51.513] [INFO] info - ***数据库连接成功***
[2022-01-10T14:56:27.554] [INFO] info - admin server is running at http://localhost:8000
[2022-01-10T14:56:27.556] [INFO] info - environment dev
[2022-01-10T14:56:27.580] [INFO] info - ***数据库连接成功***
[2022-01-10T14:56:37.188] [INFO] info - admin server is running at http://localhost:8000
[2022-01-10T14:56:37.191] [INFO] info - environment dev
[2022-01-10T14:56:37.213] [INFO] info - ***数据库连接成功***
[2022-01-10T14:56:53.561] [INFO] info - admin server is running at http://localhost:8000
[2022-01-10T14:56:53.574] [INFO] info - environment dev
[2022-01-10T14:56:53.622] [INFO] info - ***数据库连接成功***
[2022-01-10T14:56:58.364] [INFO] info - admin server is running at http://localhost:8000
[2022-01-10T14:56:58.368] [INFO] info - environment dev
[2022-01-10T14:56:58.410] [INFO] info - ***数据库连接成功***
[2022-01-10T14:57:04.775] [INFO] info - admin server is running at http://localhost:8000
[2022-01-10T14:57:04.780] [INFO] info - environment dev
[2022-01-10T14:57:04.801] [INFO] info - ***数据库连接成功***
[2022-01-10T14:57:12.555] [INFO] info - admin server is running at http://localhost:8000
[2022-01-10T14:57:12.559] [INFO] info - environment dev
[2022-01-10T14:57:12.586] [INFO] info - ***数据库连接成功***
[2022-01-10T14:57:14.542] [INFO] info - admin server is running at http://localhost:8000
[2022-01-10T14:57:14.544] [INFO] info - environment dev
[2022-01-10T14:57:14.566] [INFO] info - ***数据库连接成功***
[2022-01-10T14:57:17.747] [INFO] info - admin server is running at http://localhost:8000
[2022-01-10T14:57:17.753] [INFO] info - environment dev
[2022-01-10T14:57:17.789] [INFO] info - ***数据库连接成功***
[2022-01-10T14:58:53.150] [INFO] info - admin server is running at http://localhost:8000
[2022-01-10T14:58:53.154] [INFO] info - environment dev
[2022-01-10T14:58:53.210] [INFO] info - ***数据库连接成功***
[2022-01-10T14:58:55.903] [INFO] info - admin server is running at http://localhost:8000
[2022-01-10T14:58:55.907] [INFO] info - environment dev
[2022-01-10T14:58:55.930] [INFO] info - ***数据库连接成功***
[2022-01-10T14:59:16.641] [INFO] info - admin server is running at http://localhost:8000
[2022-01-10T14:59:16.643] [INFO] info - environment dev
[2022-01-10T14:59:16.668] [INFO] info - ***数据库连接成功***
[2022-01-10T14:59:27.825] [INFO] info - admin server is running at http://localhost:8000
[2022-01-10T14:59:27.837] [INFO] info - environment dev
[2022-01-10T14:59:27.883] [INFO] info - ***数据库连接成功***
[2022-01-10T14:59:29.961] [INFO] info - admin server is running at http://localhost:8000
[2022-01-10T14:59:29.964] [INFO] info - environment dev
[2022-01-10T14:59:29.998] [INFO] info - ***数据库连接成功***
[2022-01-10T15:00:03.893] [INFO] info - admin server is running at http://localhost:8000
[2022-01-10T15:00:03.897] [INFO] info - environment dev
[2022-01-10T15:00:03.921] [INFO] info - ***数据库连接成功***
[2022-01-10T15:00:13.485] [INFO] info - admin server is running at http://localhost:8000
[2022-01-10T15:00:13.517] [INFO] info - environment dev
[2022-01-10T15:00:13.573] [INFO] info - ***数据库连接成功***
[2022-01-10T15:00:15.410] [INFO] info - admin server is running at http://localhost:8000
[2022-01-10T15:00:15.422] [INFO] info - environment dev
[2022-01-10T15:00:15.514] [INFO] info - ***数据库连接成功***
[2022-01-10T15:00:17.240] [INFO] info - admin server is running at http://localhost:8000
[2022-01-10T15:00:17.242] [INFO] info - environment dev
[2022-01-10T15:00:17.268] [INFO] info - ***数据库连接成功***
[2022-01-10T15:00:23.125] [INFO] info - admin server is running at http://localhost:8000
[2022-01-10T15:00:23.127] [INFO] info - environment dev
[2022-01-10T15:00:23.150] [INFO] info - ***数据库连接成功***
[2022-01-10T15:00:27.601] [INFO] info - admin server is running at http://localhost:8000
[2022-01-10T15:00:27.603] [INFO] info - environment dev
[2022-01-10T15:00:27.639] [INFO] info - ***数据库连接成功***
[2022-01-10T15:01:24.304] [INFO] info - admin server is running at http://localhost:8000
[2022-01-10T15:01:24.307] [INFO] info - environment dev
[2022-01-10T15:01:24.329] [INFO] info - ***数据库连接成功***
[2022-01-10T15:01:32.302] [INFO] info - admin server is running at http://localhost:8000
[2022-01-10T15:01:32.305] [INFO] info - environment dev
[2022-01-10T15:01:32.325] [INFO] info - ***数据库连接成功***
[2022-01-10T15:01:34.171] [INFO] info - admin server is running at http://localhost:8000
[2022-01-10T15:01:34.173] [INFO] info - environment dev
[2022-01-10T15:01:34.212] [INFO] info - ***数据库连接成功***
[2022-01-10T15:01:53.665] [INFO] info - admin server is running at http://localhost:8000
[2022-01-10T15:01:53.671] [INFO] info - environment dev
[2022-01-10T15:01:53.734] [INFO] info - ***数据库连接成功***
[2022-01-10T15:04:16.521] [INFO] info - admin server is running at http://localhost:8000
[2022-01-10T15:04:16.528] [INFO] info - environment dev
[2022-01-10T15:04:16.555] [INFO] info - ***数据库连接成功***
[2022-01-10T15:04:24.861] [INFO] info - admin server is running at http://localhost:8000
[2022-01-10T15:04:24.871] [INFO] info - environment dev
[2022-01-10T15:04:24.898] [INFO] info - ***数据库连接成功***
[2022-01-10T15:04:30.504] [INFO] info - admin server is running at http://localhost:8000
[2022-01-10T15:04:30.506] [INFO] info - environment dev
[2022-01-10T15:04:30.530] [INFO] info - ***数据库连接成功***
[2022-01-10T15:04:34.205] [INFO] info - admin server is running at http://localhost:8000
[2022-01-10T15:04:34.207] [INFO] info - environment dev
[2022-01-10T15:04:34.230] [INFO] info - ***数据库连接成功***
[2022-01-10T15:04:38.396] [INFO] info - admin server is running at http://localhost:8000
[2022-01-10T15:04:38.400] [INFO] info - environment dev
[2022-01-10T15:04:38.439] [INFO] info - ***数据库连接成功***
[2022-01-10T15:04:55.657] [INFO] info - admin server is running at http://localhost:8000
[2022-01-10T15:04:55.661] [INFO] info - environment dev
[2022-01-10T15:04:55.701] [INFO] info - ***数据库连接成功***
[2022-01-10T15:05:23.369] [INFO] info - admin server is running at http://localhost:8000
[2022-01-10T15:05:23.372] [INFO] info - environment dev
[2022-01-10T15:05:23.403] [INFO] info - ***数据库连接成功***
[2022-01-10T15:05:28.772] [INFO] info - admin server is running at http://localhost:8000
[2022-01-10T15:05:28.776] [INFO] info - environment dev
[2022-01-10T15:05:28.838] [INFO] info - ***数据库连接成功***
[2022-01-10T15:05:30.876] [INFO] info - admin server is running at http://localhost:8000
[2022-01-10T15:05:30.878] [INFO] info - environment dev
[2022-01-10T15:05:30.911] [INFO] info - ***数据库连接成功***
[2022-01-10T15:05:33.401] [INFO] info - admin server is running at http://localhost:8000
[2022-01-10T15:05:33.404] [INFO] info - environment dev
[2022-01-10T15:05:33.432] [INFO] info - ***数据库连接成功***
[2022-01-10T15:05:40.682] [INFO] info - admin server is running at http://localhost:8000
[2022-01-10T15:05:40.685] [INFO] info - environment dev
[2022-01-10T15:05:40.710] [INFO] info - ***数据库连接成功***
[2022-01-10T15:05:47.247] [INFO] info - admin server is running at http://localhost:8000
[2022-01-10T15:05:47.302] [INFO] info - environment dev
[2022-01-10T15:05:47.369] [INFO] info - ***数据库连接成功***
[2022-01-10T15:05:54.874] [INFO] info - admin server is running at http://localhost:8000
[2022-01-10T15:05:54.877] [INFO] info - environment dev
[2022-01-10T15:05:54.905] [INFO] info - ***数据库连接成功***
[2022-01-10T15:06:54.881] [INFO] info - admin server is running at http://localhost:8000
[2022-01-10T15:06:54.886] [INFO] info - environment dev
[2022-01-10T15:06:54.909] [INFO] info - ***数据库连接成功***
[2022-01-10T15:07:01.110] [INFO] info - admin server is running at http://localhost:8000
[2022-01-10T15:07:01.112] [INFO] info - environment dev
[2022-01-10T15:07:01.169] [INFO] info - ***数据库连接成功***
[2022-01-10T15:07:07.012] [INFO] info - admin server is running at http://localhost:8000
[2022-01-10T15:07:07.018] [INFO] info - environment dev
[2022-01-10T15:07:07.044] [INFO] info - ***数据库连接成功***
[2022-01-10T15:07:08.780] [INFO] info - admin server is running at http://localhost:8000
[2022-01-10T15:07:08.783] [INFO] info - environment dev
[2022-01-10T15:07:08.802] [INFO] info - ***数据库连接成功***
[2022-01-10T15:07:12.896] [INFO] info - admin server is running at http://localhost:8000
[2022-01-10T15:07:12.901] [INFO] info - environment dev
[2022-01-10T15:07:12.923] [INFO] info - ***数据库连接成功***
[2022-01-10T15:07:15.521] [INFO] info - admin server is running at http://localhost:8000
[2022-01-10T15:07:15.524] [INFO] info - environment dev
[2022-01-10T15:07:15.541] [INFO] info - ***数据库连接成功***
[2022-01-10T15:07:18.324] [INFO] info - admin server is running at http://localhost:8000
[2022-01-10T15:07:18.327] [INFO] info - environment dev
[2022-01-10T15:07:18.348] [INFO] info - ***数据库连接成功***
[2022-01-10T15:07:29.188] [INFO] info - admin server is running at http://localhost:8000
[2022-01-10T15:07:29.190] [INFO] info - environment dev
[2022-01-10T15:07:29.218] [INFO] info - ***数据库连接成功***
[2022-01-10T15:07:32.996] [INFO] info - admin server is running at http://localhost:8000
[2022-01-10T15:07:33.001] [INFO] info - environment dev
[2022-01-10T15:07:33.018] [INFO] info - ***数据库连接成功***
[2022-01-10T15:07:41.464] [INFO] info - admin server is running at http://localhost:8000
[2022-01-10T15:07:41.472] [INFO] info - environment dev
[2022-01-10T15:07:41.512] [INFO] info - ***数据库连接成功***
[2022-01-10T15:10:41.326] [INFO] info - admin server is running at http://localhost:8000
[2022-01-10T15:10:41.334] [INFO] info - environment dev
[2022-01-10T15:10:41.377] [INFO] info - ***数据库连接成功***
[2022-01-10T15:10:47.402] [INFO] info - admin server is running at http://localhost:8000
[2022-01-10T15:10:47.405] [INFO] info - environment dev
[2022-01-10T15:10:47.422] [INFO] info - ***数据库连接成功***
[2022-01-10T15:10:53.362] [INFO] info - admin server is running at http://localhost:8000
[2022-01-10T15:10:53.368] [INFO] info - environment dev
[2022-01-10T15:10:53.402] [INFO] info - ***数据库连接成功***
[2022-01-10T15:11:49.866] [INFO] info - admin server is running at http://localhost:8000
[2022-01-10T15:11:49.870] [INFO] info - environment dev
[2022-01-10T15:11:49.917] [INFO] info - ***数据库连接成功***
[2022-01-10T15:14:57.907] [INFO] info - admin server is running at http://localhost:8000
[2022-01-10T15:14:57.910] [INFO] info - environment dev
[2022-01-10T15:14:57.927] [INFO] info - ***数据库连接成功***
[2022-01-10T15:15:00.482] [INFO] info - admin server is running at http://localhost:8000
[2022-01-10T15:15:00.484] [INFO] info - environment dev
[2022-01-10T15:15:00.504] [INFO] info - ***数据库连接成功***
[2022-01-10T15:15:10.060] [INFO] info - admin server is running at http://localhost:8000
[2022-01-10T15:15:10.063] [INFO] info - environment dev
[2022-01-10T15:15:10.087] [INFO] info - ***数据库连接成功***
[2022-01-10T15:15:13.880] [INFO] info - admin server is running at http://localhost:8000
[2022-01-10T15:15:13.884] [INFO] info - environment dev
[2022-01-10T15:15:13.904] [INFO] info - ***数据库连接成功***
[2022-01-10T15:15:18.107] [INFO] info - admin server is running at http://localhost:8000
[2022-01-10T15:15:18.110] [INFO] info - environment dev
[2022-01-10T15:15:18.138] [INFO] info - ***数据库连接成功***
[2022-01-10T15:15:19.727] [INFO] info - admin server is running at http://localhost:8000
[2022-01-10T15:15:19.729] [INFO] info - environment dev
[2022-01-10T15:15:19.757] [INFO] info - ***数据库连接成功***
[2022-01-10T15:15:25.217] [INFO] info - admin server is running at http://localhost:8000
[2022-01-10T15:15:25.220] [INFO] info - environment dev
[2022-01-10T15:15:25.237] [INFO] info - ***数据库连接成功***
[2022-01-10T15:15:37.403] [INFO] info - admin server is running at http://localhost:8000
[2022-01-10T15:15:37.405] [INFO] info - environment dev
[2022-01-10T15:15:37.426] [INFO] info - ***数据库连接成功***
[2022-01-10T15:15:49.388] [INFO] info - admin server is running at http://localhost:8000
[2022-01-10T15:15:49.391] [INFO] info - environment dev
[2022-01-10T15:15:49.411] [INFO] info - ***数据库连接成功***
[2022-01-10T15:15:55.357] [INFO] info - admin server is running at http://localhost:8000
[2022-01-10T15:15:55.362] [INFO] info - environment dev
[2022-01-10T15:15:55.386] [INFO] info - ***数据库连接成功***
[2022-01-10T15:16:01.322] [INFO] info - admin server is running at http://localhost:8000
[2022-01-10T15:16:01.325] [INFO] info - environment dev
[2022-01-10T15:16:01.350] [INFO] info - ***数据库连接成功***
[2022-01-10T15:16:03.317] [INFO] info - admin server is running at http://localhost:8000
[2022-01-10T15:16:03.320] [INFO] info - environment dev
[2022-01-10T15:16:03.338] [INFO] info - ***数据库连接成功***
[2022-01-10T15:16:13.716] [INFO] info - admin server is running at http://localhost:8000
[2022-01-10T15:16:13.719] [INFO] info - environment dev
[2022-01-10T15:16:13.744] [INFO] info - ***数据库连接成功***
[2022-01-10T15:17:37.185] [INFO] info - admin server is running at http://localhost:8000
[2022-01-10T15:17:37.187] [INFO] info - environment dev
[2022-01-10T15:17:37.207] [INFO] info - ***数据库连接成功***
[2022-01-10T15:17:47.342] [INFO] info - admin server is running at http://localhost:8000
[2022-01-10T15:17:47.356] [INFO] info - environment dev
[2022-01-10T15:17:47.417] [INFO] info - ***数据库连接成功***
[2022-01-10T15:17:52.605] [INFO] info - admin server is running at http://localhost:8000
[2022-01-10T15:17:52.608] [INFO] info - environment dev
[2022-01-10T15:17:52.638] [INFO] info - ***数据库连接成功***
[2022-01-10T15:23:52.603] [INFO] info - admin server is running at http://localhost:8000
[2022-01-10T15:23:52.607] [INFO] info - environment dev
[2022-01-10T15:23:52.624] [INFO] info - ***数据库连接成功***
[2022-01-10T15:27:21.100] [INFO] info - admin server is running at http://localhost:8000
[2022-01-10T15:27:21.102] [INFO] info - environment dev
[2022-01-10T15:27:22.659] [INFO] info - ***数据库连接成功***
[2022-01-10T15:27:49.892] [INFO] info - admin server is running at http://localhost:8000
[2022-01-10T15:27:49.894] [INFO] info - environment dev
[2022-01-10T15:27:49.923] [INFO] info - ***数据库连接成功***
[2022-01-10T15:28:56.419] [INFO] info - admin server is running at http://localhost:8000
[2022-01-10T15:28:56.421] [INFO] info - environment dev
[2022-01-10T15:28:56.974] [INFO] info - ***数据库连接成功***
[2022-01-10T15:30:10.951] [INFO] info - admin server is running at http://localhost:8000
[2022-01-10T15:30:10.954] [INFO] info - environment dev
[2022-01-10T15:30:10.999] [INFO] info - ***数据库连接成功***
[2022-01-10T15:30:13.950] [INFO] info - admin server is running at http://localhost:8000
[2022-01-10T15:30:13.953] [INFO] info - environment dev
[2022-01-10T15:30:13.980] [INFO] info - ***数据库连接成功***
[2022-01-10T15:30:17.482] [INFO] info - admin server is running at http://localhost:8000
[2022-01-10T15:30:17.485] [INFO] info - environment dev
[2022-01-10T15:30:17.509] [INFO] info - ***数据库连接成功***
[2022-01-10T15:30:24.434] [INFO] info - admin server is running at http://localhost:8000
[2022-01-10T15:30:24.436] [INFO] info - environment dev
[2022-01-10T15:30:24.467] [INFO] info - ***数据库连接成功***
[2022-01-10T15:30:34.014] [INFO] info - admin server is running at http://localhost:8000
[2022-01-10T15:30:34.019] [INFO] info - environment dev
[2022-01-10T15:30:34.060] [INFO] info - ***数据库连接成功***
[2022-01-10T15:30:36.029] [INFO] info - admin server is running at http://localhost:8000
[2022-01-10T15:30:36.059] [INFO] info - environment dev
[2022-01-10T15:30:36.088] [INFO] info - ***数据库连接成功***
[2022-01-10T15:30:39.299] [INFO] info - admin server is running at http://localhost:8000
[2022-01-10T15:30:39.302] [INFO] info - environment dev
[2022-01-10T15:30:39.329] [INFO] info - ***数据库连接成功***
[2022-01-10T15:30:42.459] [INFO] info - admin server is running at http://localhost:8000
[2022-01-10T15:30:42.461] [INFO] info - environment dev
[2022-01-10T15:30:42.482] [INFO] info - ***数据库连接成功***
[2022-01-10T15:32:12.464] [INFO] info - admin server is running at http://localhost:8000
[2022-01-10T15:32:12.467] [INFO] info - environment dev
[2022-01-10T15:32:12.493] [INFO] info - ***数据库连接成功***
[2022-01-10T15:32:15.045] [INFO] info - admin server is running at http://localhost:8000
[2022-01-10T15:32:15.073] [INFO] info - environment dev
[2022-01-10T15:32:15.105] [INFO] info - ***数据库连接成功***
[2022-01-10T15:32:25.111] [INFO] info - admin server is running at http://localhost:8000
[2022-01-10T15:32:25.118] [INFO] info - environment dev
[2022-01-10T15:32:25.159] [INFO] info - ***数据库连接成功***
[2022-01-10T15:33:14.467] [INFO] info - admin server is running at http://localhost:8000
[2022-01-10T15:33:14.470] [INFO] info - environment dev
[2022-01-10T15:33:14.492] [INFO] info - ***数据库连接成功***
[2022-01-10T15:33:17.747] [INFO] info - admin server is running at http://localhost:8000
[2022-01-10T15:33:17.750] [INFO] info - environment dev
[2022-01-10T15:33:17.773] [INFO] info - ***数据库连接成功***
[2022-01-10T15:33:50.000] [INFO] info - admin server is running at http://localhost:8000
[2022-01-10T15:33:50.004] [INFO] info - environment dev
[2022-01-10T15:33:50.043] [INFO] info - ***数据库连接成功***
[2022-01-10T15:33:55.279] [INFO] info - admin server is running at http://localhost:8000
[2022-01-10T15:33:55.284] [INFO] info - environment dev
[2022-01-10T15:33:55.312] [INFO] info - ***数据库连接成功***
[2022-01-10T15:34:12.626] [INFO] info - admin server is running at http://localhost:8000
[2022-01-10T15:34:12.629] [INFO] info - environment dev
[2022-01-10T15:34:12.653] [INFO] info - ***数据库连接成功***
[2022-01-10T15:36:00.658] [INFO] info - admin server is running at http://localhost:8000
[2022-01-10T15:36:00.660] [INFO] info - environment dev
[2022-01-10T15:36:00.678] [INFO] info - ***数据库连接成功***
[2022-01-10T15:36:12.188] [INFO] info - admin server is running at http://localhost:8000
[2022-01-10T15:36:12.191] [INFO] info - environment dev
[2022-01-10T15:36:12.213] [INFO] info - ***数据库连接成功***
[2022-01-10T15:36:19.603] [INFO] info - admin server is running at http://localhost:8000
[2022-01-10T15:36:19.607] [INFO] info - environment dev
[2022-01-10T15:36:19.671] [INFO] info - ***数据库连接成功***
[2022-01-10T15:36:27.744] [INFO] info - admin server is running at http://localhost:8000
[2022-01-10T15:36:27.747] [INFO] info - environment dev
[2022-01-10T15:36:27.772] [INFO] info - ***数据库连接成功***
[2022-01-10T15:49:56.284] [INFO] info - admin server is running at http://localhost:8000
[2022-01-10T15:49:56.287] [INFO] info - environment dev
[2022-01-10T15:49:56.354] [INFO] info - ***数据库连接成功***
[2022-01-10T15:49:58.941] [INFO] info - admin server is running at http://localhost:8000
[2022-01-10T15:49:58.944] [INFO] info - environment dev
[2022-01-10T15:49:59.020] [INFO] info - ***数据库连接成功***
[2022-01-10T16:00:09.583] [INFO] info - admin server is running at http://localhost:8000
[2022-01-10T16:00:09.585] [INFO] info - environment dev
[2022-01-10T16:00:09.613] [INFO] info - ***数据库连接成功***
>>>>>>> c531ae8e59606710e1ec7da47107a956d664a955
