[2022-01-17T17:31:49.052] [ERROR] error - 
    {}
    {"method":"GET","url":"/api/menus/list","header":{"cookie":"username-localhost-8888=\"2|1:0|10:1640856662|23:username-localhost-8888|44:YmJjOTVkM2E2MzdiNDhiZDkzNTE4YTI2OTRkMDIyNjc=|e38cfcf629220ead254f05387b01a61183bcec3c1cc5a09dfbbae990a898e272\"","accept-language":"zh-CN,zh;q=0.9,en;q=0.8","accept-encoding":"gzip, deflate, br","referer":"http://localhost:8080/","sec-fetch-dest":"empty","sec-fetch-mode":"cors","sec-fetch-site":"same-origin","sec-ch-ua-platform":"\"Windows\"","user-agent":"Mozilla/5.0 (Windows NT 10.0; Win64; x64) AppleWebKit/537.36 (KHTML, like Gecko) Chrome/97.0.4692.71 Safari/537.36","sec-ch-ua-mobile":"?0","authorization":"Bearer eyJhbGciOiJIUzI1NiIsInR5cCI6IkpXVCJ9.eyJ1c2VySW5mbyI6eyJfaWQiOiI2MWUxM2E1MTkxMDgwMDAwYWMwMDM0ODkiLCJ1c2VySWQiOiIxMDAwMDAwIiwidXNlck5hbWUiOiJhZG1pbiIsInVzZXJFbWFpbCI6ImFkbWluQG1hbmFnZXIuY29tIiwibW9iaWxlIjoiMTM3ODg4ODg4MzUiLCJzZXgiOjAsImRlcHRJZCI6WyI2MDE2NzA1OWM5MDI3YjdkMmM1MjBhNjEiLCI2MDE2NzI4ZmM2YTQ0MTdmMmQyNzUwNmUiXSwiam9iIjoi5YmN56uv5bCP5ZKv5ZKvIiwic3RhdGUiOjEsInJvbGUiOjAsInJvbGVMaXN0IjpbIjYwMTgwYjY0YjFlYWVkNmM0NWZiZWJkZSIsIjYwMTgwYjY5YjFlYWVkNmM0NWZiZWJkZiJdLCJjcmVhdGVUaW1lIjoiMjAyMi0wMS0xNFQxMzowMDozMS4wMDBaIiwibGFzdExvZ2luVGltZSI6IjIwMjItMDEtMTRUMTM6MDA6MzEuMDAwWiJ9LCJpYXQiOjE2NDI0MTAyOTgsImV4cCI6MTY0MjQxMzg5OH0.__YWVjhl8LCTahCUeEsbVBrzorwwZESlZiNYYu9dVLU","accept":"application/json, text/plain, */*","sec-ch-ua":"\" Not;A Brand\";v=\"99\", \"Google Chrome\";v=\"97\", \"Chromium\";v=\"97\"","connection":"close","host":"localhost:8080"}}
    TypeError: Cannot read property 'request' of undefined
    at Object.fail (F:\code\node-koa\src\utils\util.js:29:37)
    at menuList (F:\code\node-koa\src\controller\menus.controller.js:37:25)
    at dispatch (F:\code\node-koa\node_modules\koa-compose\index.js:42:32)
    at verifyToken (F:\code\node-koa\src\middleware\auth.js:22:11)
    at dispatch (F:\code\node-koa\node_modules\koa-compose\index.js:42:32)
    at F:\code\node-koa\node_modules\koa-router\lib\router.js:372:16
    at dispatch (F:\code\node-koa\node_modules\koa-compose\index.js:42:32)
    at F:\code\node-koa\node_modules\koa-compose\index.js:34:12
    at dispatch (F:\code\node-koa\node_modules\koa-router\lib\router.js:377:31)
    at dispatch (F:\code\node-koa\node_modules\koa-compose\index.js:42:32)
    
[2022-01-17T17:31:53.012] [ERROR] error - 
    {}
    {"method":"GET","url":"/api/menus/list","header":{"cookie":"username-localhost-8888=\"2|1:0|10:1640856662|23:username-localhost-8888|44:YmJjOTVkM2E2MzdiNDhiZDkzNTE4YTI2OTRkMDIyNjc=|e38cfcf629220ead254f05387b01a61183bcec3c1cc5a09dfbbae990a898e272\"","accept-language":"zh-CN,zh;q=0.9,en;q=0.8","accept-encoding":"gzip, deflate, br","referer":"http://localhost:8080/","sec-fetch-dest":"empty","sec-fetch-mode":"cors","sec-fetch-site":"same-origin","sec-ch-ua-platform":"\"Windows\"","user-agent":"Mozilla/5.0 (Windows NT 10.0; Win64; x64) AppleWebKit/537.36 (KHTML, like Gecko) Chrome/97.0.4692.71 Safari/537.36","sec-ch-ua-mobile":"?0","authorization":"Bearer eyJhbGciOiJIUzI1NiIsInR5cCI6IkpXVCJ9.eyJ1c2VySW5mbyI6eyJfaWQiOiI2MWUxM2E1MTkxMDgwMDAwYWMwMDM0ODkiLCJ1c2VySWQiOiIxMDAwMDAwIiwidXNlck5hbWUiOiJhZG1pbiIsInVzZXJFbWFpbCI6ImFkbWluQG1hbmFnZXIuY29tIiwibW9iaWxlIjoiMTM3ODg4ODg4MzUiLCJzZXgiOjAsImRlcHRJZCI6WyI2MDE2NzA1OWM5MDI3YjdkMmM1MjBhNjEiLCI2MDE2NzI4ZmM2YTQ0MTdmMmQyNzUwNmUiXSwiam9iIjoi5YmN56uv5bCP5ZKv5ZKvIiwic3RhdGUiOjEsInJvbGUiOjAsInJvbGVMaXN0IjpbIjYwMTgwYjY0YjFlYWVkNmM0NWZiZWJkZSIsIjYwMTgwYjY5YjFlYWVkNmM0NWZiZWJkZiJdLCJjcmVhdGVUaW1lIjoiMjAyMi0wMS0xNFQxMzowMDozMS4wMDBaIiwibGFzdExvZ2luVGltZSI6IjIwMjItMDEtMTRUMTM6MDA6MzEuMDAwWiJ9LCJpYXQiOjE2NDI0MTAyOTgsImV4cCI6MTY0MjQxMzg5OH0.__YWVjhl8LCTahCUeEsbVBrzorwwZESlZiNYYu9dVLU","accept":"application/json, text/plain, */*","sec-ch-ua":"\" Not;A Brand\";v=\"99\", \"Google Chrome\";v=\"97\", \"Chromium\";v=\"97\"","connection":"close","host":"localhost:8080"}}
    TypeError: Cannot read property 'request' of undefined
    at Object.fail (F:\code\node-koa\src\utils\util.js:29:37)
    at menuList (F:\code\node-koa\src\controller\menus.controller.js:37:25)
    at dispatch (F:\code\node-koa\node_modules\koa-compose\index.js:42:32)
    at verifyToken (F:\code\node-koa\src\middleware\auth.js:22:11)
    at dispatch (F:\code\node-koa\node_modules\koa-compose\index.js:42:32)
    at F:\code\node-koa\node_modules\koa-router\lib\router.js:372:16
    at dispatch (F:\code\node-koa\node_modules\koa-compose\index.js:42:32)
    at F:\code\node-koa\node_modules\koa-compose\index.js:34:12
    at dispatch (F:\code\node-koa\node_modules\koa-router\lib\router.js:377:31)
    at dispatch (F:\code\node-koa\node_modules\koa-compose\index.js:42:32)
    
