[2022-01-15T22:41:46.747] [ERROR] error - 
    {"state":1,"sex":0,"roleList":["60180b76b1eaed6c45fbebe0"],"userName":"yo","userPwd":"123456","userEmail":"user@manager.com","mobile":"15603456098","deptId":["60167059c9027b7d2c520a61","6016728fc6a4417f2d27506e"]}
    {"method":"POST","url":"/api/users/create","header":{"accept-language":"zh-CN,zh;q=0.9,en;q=0.8","accept-encoding":"gzip, deflate, br","referer":"http://localhost:8080/","sec-fetch-dest":"empty","sec-fetch-mode":"cors","sec-fetch-site":"same-origin","origin":"http://localhost:8080","sec-ch-ua-platform":"\"macOS\"","user-agent":"Mozilla/5.0 (Macintosh; Intel Mac OS X 10_15_7) AppleWebKit/537.36 (KHTML, like Gecko) Chrome/97.0.4692.71 Safari/537.36","sec-ch-ua-mobile":"?0","authorization":"Bearer eyJhbGciOiJIUzI1NiIsInR5cCI6IkpXVCJ9.eyJ1c2VySW5mbyI6eyJfaWQiOiI2MWUyMzgzMjY1ZmRhM2ZlMzA4YTE3YjkiLCJ1c2VySWQiOiIxMDAwMDAwIiwidXNlck5hbWUiOiJhZG1pbiIsInVzZXJFbWFpbCI6ImFkbWluQG1hbmFnZXIuY29tIiwibW9iaWxlIjoiMTM3ODg4ODg4MjQiLCJzZXgiOjEsImRlcHRJZCI6WyI2MDE2NzA1OWM5MDI3YjdkMmM1MjBhNjEiLCI2MDE2NzM0NWM2YTQ0MTdmMmQyNzUwNmYiXSwiam9iIjoi5YmN56uv5bCP5ZKv5ZKvIiwic3RhdGUiOjEsInJvbGUiOjAsInJvbGVMaXN0IjpbIjYwMTUwY2I3NjRkZTk5NjMxYjJjM2NkMyJdLCJjcmVhdGVUaW1lIjoiMjAyMi0wMS0xNFQxMzowMDozMS4wMDBaIiwibGFzdExvZ2luVGltZSI6IjIwMjItMDEtMTRUMTM6MDA6MzEuMDAwWiJ9LCJpYXQiOjE2NDIyNTQ1MjYsImV4cCI6MTY0MjI1ODEyNn0.nFMDjPMMLRfiwt6iXnhAX5FtA8OiB6kCS9U71ltN2hU","content-type":"application/json;charset=UTF-8","accept":"application/json, text/plain, */*","sec-ch-ua":"\" Not;A Brand\";v=\"99\", \"Google Chrome\";v=\"97\", \"Chromium\";v=\"97\"","cache-control":"no-cache","pragma":"no-cache","content-length":"213","connection":"close","host":"localhost:8080"}}
    TypeError: Cannot set property 'body' of undefined
    at Object.success (/Users/stephen_ho_account/Documents/code/admin-server/src/utils/util.js:11:18)
    at createUser (/Users/stephen_ho_account/Documents/code/admin-server/src/controller/users.controller.js:138:14)
    at dispatch (/Users/stephen_ho_account/Documents/code/admin-server/node_modules/koa-compose/index.js:42:32)
    at verifyToken (/Users/stephen_ho_account/Documents/code/admin-server/src/middleware/auth.js:22:11)
    at dispatch (/Users/stephen_ho_account/Documents/code/admin-server/node_modules/koa-compose/index.js:42:32)
    at /Users/stephen_ho_account/Documents/code/admin-server/node_modules/koa-router/lib/router.js:372:16
    at dispatch (/Users/stephen_ho_account/Documents/code/admin-server/node_modules/koa-compose/index.js:42:32)
    at /Users/stephen_ho_account/Documents/code/admin-server/node_modules/koa-compose/index.js:34:12
    at dispatch (/Users/stephen_ho_account/Documents/code/admin-server/node_modules/koa-router/lib/router.js:377:31)
    at dispatch (/Users/stephen_ho_account/Documents/code/admin-server/node_modules/koa-compose/index.js:42:32)
    
[2022-01-15T22:43:32.698] [ERROR] error - 
    {"state":1,"sex":0,"roleList":["60180b76b1eaed6c45fbebe0"],"userName":"yo","userPwd":"123456","userEmail":"user@manager.com","mobile":"15603456098","deptId":["60167059c9027b7d2c520a61","6016728fc6a4417f2d27506e"]}
    {"method":"POST","url":"/api/users/create","header":{"accept-language":"zh-CN,zh;q=0.9,en;q=0.8","accept-encoding":"gzip, deflate, br","referer":"http://localhost:8080/","sec-fetch-dest":"empty","sec-fetch-mode":"cors","sec-fetch-site":"same-origin","origin":"http://localhost:8080","sec-ch-ua-platform":"\"macOS\"","user-agent":"Mozilla/5.0 (Macintosh; Intel Mac OS X 10_15_7) AppleWebKit/537.36 (KHTML, like Gecko) Chrome/97.0.4692.71 Safari/537.36","sec-ch-ua-mobile":"?0","authorization":"Bearer eyJhbGciOiJIUzI1NiIsInR5cCI6IkpXVCJ9.eyJ1c2VySW5mbyI6eyJfaWQiOiI2MWUyMzgzMjY1ZmRhM2ZlMzA4YTE3YjkiLCJ1c2VySWQiOiIxMDAwMDAwIiwidXNlck5hbWUiOiJhZG1pbiIsInVzZXJFbWFpbCI6ImFkbWluQG1hbmFnZXIuY29tIiwibW9iaWxlIjoiMTM3ODg4ODg4MjQiLCJzZXgiOjEsImRlcHRJZCI6WyI2MDE2NzA1OWM5MDI3YjdkMmM1MjBhNjEiLCI2MDE2NzM0NWM2YTQ0MTdmMmQyNzUwNmYiXSwiam9iIjoi5YmN56uv5bCP5ZKv5ZKvIiwic3RhdGUiOjEsInJvbGUiOjAsInJvbGVMaXN0IjpbIjYwMTUwY2I3NjRkZTk5NjMxYjJjM2NkMyJdLCJjcmVhdGVUaW1lIjoiMjAyMi0wMS0xNFQxMzowMDozMS4wMDBaIiwibGFzdExvZ2luVGltZSI6IjIwMjItMDEtMTRUMTM6MDA6MzEuMDAwWiJ9LCJpYXQiOjE2NDIyNTQ1MjYsImV4cCI6MTY0MjI1ODEyNn0.nFMDjPMMLRfiwt6iXnhAX5FtA8OiB6kCS9U71ltN2hU","content-type":"application/json;charset=UTF-8","accept":"application/json, text/plain, */*","sec-ch-ua":"\" Not;A Brand\";v=\"99\", \"Google Chrome\";v=\"97\", \"Chromium\";v=\"97\"","cache-control":"no-cache","pragma":"no-cache","content-length":"213","connection":"close","host":"localhost:8080"}}
    TypeError: Cannot set property 'body' of undefined
    at Object.fail (/Users/stephen_ho_account/Documents/code/admin-server/src/utils/util.js:18:18)
    at createUser (/Users/stephen_ho_account/Documents/code/admin-server/src/controller/users.controller.js:24:25)
    at dispatch (/Users/stephen_ho_account/Documents/code/admin-server/node_modules/koa-compose/index.js:42:32)
    at verifyToken (/Users/stephen_ho_account/Documents/code/admin-server/src/middleware/auth.js:22:11)
    at dispatch (/Users/stephen_ho_account/Documents/code/admin-server/node_modules/koa-compose/index.js:42:32)
    at /Users/stephen_ho_account/Documents/code/admin-server/node_modules/koa-router/lib/router.js:372:16
    at dispatch (/Users/stephen_ho_account/Documents/code/admin-server/node_modules/koa-compose/index.js:42:32)
    at /Users/stephen_ho_account/Documents/code/admin-server/node_modules/koa-compose/index.js:34:12
    at dispatch (/Users/stephen_ho_account/Documents/code/admin-server/node_modules/koa-router/lib/router.js:377:31)
    at dispatch (/Users/stephen_ho_account/Documents/code/admin-server/node_modules/koa-compose/index.js:42:32)
    
[2022-01-15T22:43:39.112] [ERROR] error - 
    {"state":1,"sex":0,"roleList":["60180b76b1eaed6c45fbebe0"],"userName":"yo","userPwd":"123456","userEmail":"user@manager.com","mobile":"15603456098","deptId":["60167059c9027b7d2c520a61","6016728fc6a4417f2d27506e"]}
    {"method":"POST","url":"/api/users/create","header":{"accept-language":"zh-CN,zh;q=0.9,en;q=0.8","accept-encoding":"gzip, deflate, br","referer":"http://localhost:8080/","sec-fetch-dest":"empty","sec-fetch-mode":"cors","sec-fetch-site":"same-origin","origin":"http://localhost:8080","sec-ch-ua-platform":"\"macOS\"","user-agent":"Mozilla/5.0 (Macintosh; Intel Mac OS X 10_15_7) AppleWebKit/537.36 (KHTML, like Gecko) Chrome/97.0.4692.71 Safari/537.36","sec-ch-ua-mobile":"?0","authorization":"Bearer eyJhbGciOiJIUzI1NiIsInR5cCI6IkpXVCJ9.eyJ1c2VySW5mbyI6eyJfaWQiOiI2MWUyMzgzMjY1ZmRhM2ZlMzA4YTE3YjkiLCJ1c2VySWQiOiIxMDAwMDAwIiwidXNlck5hbWUiOiJhZG1pbiIsInVzZXJFbWFpbCI6ImFkbWluQG1hbmFnZXIuY29tIiwibW9iaWxlIjoiMTM3ODg4ODg4MjQiLCJzZXgiOjEsImRlcHRJZCI6WyI2MDE2NzA1OWM5MDI3YjdkMmM1MjBhNjEiLCI2MDE2NzM0NWM2YTQ0MTdmMmQyNzUwNmYiXSwiam9iIjoi5YmN56uv5bCP5ZKv5ZKvIiwic3RhdGUiOjEsInJvbGUiOjAsInJvbGVMaXN0IjpbIjYwMTUwY2I3NjRkZTk5NjMxYjJjM2NkMyJdLCJjcmVhdGVUaW1lIjoiMjAyMi0wMS0xNFQxMzowMDozMS4wMDBaIiwibGFzdExvZ2luVGltZSI6IjIwMjItMDEtMTRUMTM6MDA6MzEuMDAwWiJ9LCJpYXQiOjE2NDIyNTQ1MjYsImV4cCI6MTY0MjI1ODEyNn0.nFMDjPMMLRfiwt6iXnhAX5FtA8OiB6kCS9U71ltN2hU","content-type":"application/json;charset=UTF-8","accept":"application/json, text/plain, */*","sec-ch-ua":"\" Not;A Brand\";v=\"99\", \"Google Chrome\";v=\"97\", \"Chromium\";v=\"97\"","cache-control":"no-cache","pragma":"no-cache","content-length":"213","connection":"close","host":"localhost:8080"}}
    TypeError: Cannot set property 'body' of undefined
    at Object.fail (/Users/stephen_ho_account/Documents/code/admin-server/src/utils/util.js:18:18)
    at createUser (/Users/stephen_ho_account/Documents/code/admin-server/src/controller/users.controller.js:24:25)
    at dispatch (/Users/stephen_ho_account/Documents/code/admin-server/node_modules/koa-compose/index.js:42:32)
    at verifyToken (/Users/stephen_ho_account/Documents/code/admin-server/src/middleware/auth.js:22:11)
    at dispatch (/Users/stephen_ho_account/Documents/code/admin-server/node_modules/koa-compose/index.js:42:32)
    at /Users/stephen_ho_account/Documents/code/admin-server/node_modules/koa-router/lib/router.js:372:16
    at dispatch (/Users/stephen_ho_account/Documents/code/admin-server/node_modules/koa-compose/index.js:42:32)
    at /Users/stephen_ho_account/Documents/code/admin-server/node_modules/koa-compose/index.js:34:12
    at dispatch (/Users/stephen_ho_account/Documents/code/admin-server/node_modules/koa-router/lib/router.js:377:31)
    at dispatch (/Users/stephen_ho_account/Documents/code/admin-server/node_modules/koa-compose/index.js:42:32)
    
[2022-01-15T22:44:17.740] [ERROR] error - 
    {"state":1,"sex":0,"roleList":["60180b76b1eaed6c45fbebe0"],"userName":"yo","userPwd":"123456","userEmail":"user@manager.com","mobile":"15603456098","deptId":["60167059c9027b7d2c520a61","6016728fc6a4417f2d27506e"]}
    {"method":"POST","url":"/api/users/create","header":{"accept-language":"zh-CN,zh;q=0.9,en;q=0.8","accept-encoding":"gzip, deflate, br","referer":"http://localhost:8080/","sec-fetch-dest":"empty","sec-fetch-mode":"cors","sec-fetch-site":"same-origin","origin":"http://localhost:8080","sec-ch-ua-platform":"\"macOS\"","user-agent":"Mozilla/5.0 (Macintosh; Intel Mac OS X 10_15_7) AppleWebKit/537.36 (KHTML, like Gecko) Chrome/97.0.4692.71 Safari/537.36","sec-ch-ua-mobile":"?0","authorization":"Bearer eyJhbGciOiJIUzI1NiIsInR5cCI6IkpXVCJ9.eyJ1c2VySW5mbyI6eyJfaWQiOiI2MWUyMzgzMjY1ZmRhM2ZlMzA4YTE3YjkiLCJ1c2VySWQiOiIxMDAwMDAwIiwidXNlck5hbWUiOiJhZG1pbiIsInVzZXJFbWFpbCI6ImFkbWluQG1hbmFnZXIuY29tIiwibW9iaWxlIjoiMTM3ODg4ODg4MjQiLCJzZXgiOjEsImRlcHRJZCI6WyI2MDE2NzA1OWM5MDI3YjdkMmM1MjBhNjEiLCI2MDE2NzM0NWM2YTQ0MTdmMmQyNzUwNmYiXSwiam9iIjoi5YmN56uv5bCP5ZKv5ZKvIiwic3RhdGUiOjEsInJvbGUiOjAsInJvbGVMaXN0IjpbIjYwMTUwY2I3NjRkZTk5NjMxYjJjM2NkMyJdLCJjcmVhdGVUaW1lIjoiMjAyMi0wMS0xNFQxMzowMDozMS4wMDBaIiwibGFzdExvZ2luVGltZSI6IjIwMjItMDEtMTRUMTM6MDA6MzEuMDAwWiJ9LCJpYXQiOjE2NDIyNTQ1MjYsImV4cCI6MTY0MjI1ODEyNn0.nFMDjPMMLRfiwt6iXnhAX5FtA8OiB6kCS9U71ltN2hU","content-type":"application/json;charset=UTF-8","accept":"application/json, text/plain, */*","sec-ch-ua":"\" Not;A Brand\";v=\"99\", \"Google Chrome\";v=\"97\", \"Chromium\";v=\"97\"","cache-control":"no-cache","pragma":"no-cache","content-length":"213","connection":"close","host":"localhost:8080"}}
    TypeError: Cannot set property 'body' of undefined
    at Object.fail (/Users/stephen_ho_account/Documents/code/admin-server/src/utils/util.js:18:18)
    at createUser (/Users/stephen_ho_account/Documents/code/admin-server/src/controller/users.controller.js:24:25)
    at dispatch (/Users/stephen_ho_account/Documents/code/admin-server/node_modules/koa-compose/index.js:42:32)
    at verifyToken (/Users/stephen_ho_account/Documents/code/admin-server/src/middleware/auth.js:22:11)
    at dispatch (/Users/stephen_ho_account/Documents/code/admin-server/node_modules/koa-compose/index.js:42:32)
    at /Users/stephen_ho_account/Documents/code/admin-server/node_modules/koa-router/lib/router.js:372:16
    at dispatch (/Users/stephen_ho_account/Documents/code/admin-server/node_modules/koa-compose/index.js:42:32)
    at /Users/stephen_ho_account/Documents/code/admin-server/node_modules/koa-compose/index.js:34:12
    at dispatch (/Users/stephen_ho_account/Documents/code/admin-server/node_modules/koa-router/lib/router.js:377:31)
    at dispatch (/Users/stephen_ho_account/Documents/code/admin-server/node_modules/koa-compose/index.js:42:32)
    
[2022-01-15T22:44:45.543] [ERROR] error - 
    {"state":1,"sex":0,"roleList":["60180b76b1eaed6c45fbebe0"],"userName":"yo","userPwd":"123456","userEmail":"user@manager.com","mobile":"15603456098","deptId":["60167059c9027b7d2c520a61","6016728fc6a4417f2d27506e"]}
    {"method":"POST","url":"/api/users/create","header":{"accept-language":"zh-CN,zh;q=0.9,en;q=0.8","accept-encoding":"gzip, deflate, br","referer":"http://localhost:8080/","sec-fetch-dest":"empty","sec-fetch-mode":"cors","sec-fetch-site":"same-origin","origin":"http://localhost:8080","sec-ch-ua-platform":"\"macOS\"","user-agent":"Mozilla/5.0 (Macintosh; Intel Mac OS X 10_15_7) AppleWebKit/537.36 (KHTML, like Gecko) Chrome/97.0.4692.71 Safari/537.36","sec-ch-ua-mobile":"?0","authorization":"Bearer eyJhbGciOiJIUzI1NiIsInR5cCI6IkpXVCJ9.eyJ1c2VySW5mbyI6eyJfaWQiOiI2MWUyMzgzMjY1ZmRhM2ZlMzA4YTE3YjkiLCJ1c2VySWQiOiIxMDAwMDAwIiwidXNlck5hbWUiOiJhZG1pbiIsInVzZXJFbWFpbCI6ImFkbWluQG1hbmFnZXIuY29tIiwibW9iaWxlIjoiMTM3ODg4ODg4MjQiLCJzZXgiOjEsImRlcHRJZCI6WyI2MDE2NzA1OWM5MDI3YjdkMmM1MjBhNjEiLCI2MDE2NzM0NWM2YTQ0MTdmMmQyNzUwNmYiXSwiam9iIjoi5YmN56uv5bCP5ZKv5ZKvIiwic3RhdGUiOjEsInJvbGUiOjAsInJvbGVMaXN0IjpbIjYwMTUwY2I3NjRkZTk5NjMxYjJjM2NkMyJdLCJjcmVhdGVUaW1lIjoiMjAyMi0wMS0xNFQxMzowMDozMS4wMDBaIiwibGFzdExvZ2luVGltZSI6IjIwMjItMDEtMTRUMTM6MDA6MzEuMDAwWiJ9LCJpYXQiOjE2NDIyNTQ1MjYsImV4cCI6MTY0MjI1ODEyNn0.nFMDjPMMLRfiwt6iXnhAX5FtA8OiB6kCS9U71ltN2hU","content-type":"application/json;charset=UTF-8","accept":"application/json, text/plain, */*","sec-ch-ua":"\" Not;A Brand\";v=\"99\", \"Google Chrome\";v=\"97\", \"Chromium\";v=\"97\"","cache-control":"no-cache","pragma":"no-cache","content-length":"213","connection":"close","host":"localhost:8080"}}
    TypeError: Cannot set property 'body' of undefined
    at Object.fail (/Users/stephen_ho_account/Documents/code/admin-server/src/utils/util.js:18:18)
    at createUser (/Users/stephen_ho_account/Documents/code/admin-server/src/controller/users.controller.js:24:25)
    at dispatch (/Users/stephen_ho_account/Documents/code/admin-server/node_modules/koa-compose/index.js:42:32)
    at verifyToken (/Users/stephen_ho_account/Documents/code/admin-server/src/middleware/auth.js:22:11)
    at dispatch (/Users/stephen_ho_account/Documents/code/admin-server/node_modules/koa-compose/index.js:42:32)
    at /Users/stephen_ho_account/Documents/code/admin-server/node_modules/koa-router/lib/router.js:372:16
    at dispatch (/Users/stephen_ho_account/Documents/code/admin-server/node_modules/koa-compose/index.js:42:32)
    at /Users/stephen_ho_account/Documents/code/admin-server/node_modules/koa-compose/index.js:34:12
    at dispatch (/Users/stephen_ho_account/Documents/code/admin-server/node_modules/koa-router/lib/router.js:377:31)
    at dispatch (/Users/stephen_ho_account/Documents/code/admin-server/node_modules/koa-compose/index.js:42:32)
    
[2022-01-15T22:46:02.857] [ERROR] error - 
    {"state":1,"sex":0,"roleList":["60180b76b1eaed6c45fbebe0"],"userName":"yo","userPwd":"123456","userEmail":"user@manager.com","mobile":"15603456098","deptId":["60167059c9027b7d2c520a61","6016728fc6a4417f2d27506e"]}
    {"method":"POST","url":"/api/users/create","header":{"accept-language":"zh-CN,zh;q=0.9,en;q=0.8","accept-encoding":"gzip, deflate, br","referer":"http://localhost:8080/","sec-fetch-dest":"empty","sec-fetch-mode":"cors","sec-fetch-site":"same-origin","origin":"http://localhost:8080","sec-ch-ua-platform":"\"macOS\"","user-agent":"Mozilla/5.0 (Macintosh; Intel Mac OS X 10_15_7) AppleWebKit/537.36 (KHTML, like Gecko) Chrome/97.0.4692.71 Safari/537.36","sec-ch-ua-mobile":"?0","authorization":"Bearer eyJhbGciOiJIUzI1NiIsInR5cCI6IkpXVCJ9.eyJ1c2VySW5mbyI6eyJfaWQiOiI2MWUyMzgzMjY1ZmRhM2ZlMzA4YTE3YjkiLCJ1c2VySWQiOiIxMDAwMDAwIiwidXNlck5hbWUiOiJhZG1pbiIsInVzZXJFbWFpbCI6ImFkbWluQG1hbmFnZXIuY29tIiwibW9iaWxlIjoiMTM3ODg4ODg4MjQiLCJzZXgiOjEsImRlcHRJZCI6WyI2MDE2NzA1OWM5MDI3YjdkMmM1MjBhNjEiLCI2MDE2NzM0NWM2YTQ0MTdmMmQyNzUwNmYiXSwiam9iIjoi5YmN56uv5bCP5ZKv5ZKvIiwic3RhdGUiOjEsInJvbGUiOjAsInJvbGVMaXN0IjpbIjYwMTUwY2I3NjRkZTk5NjMxYjJjM2NkMyJdLCJjcmVhdGVUaW1lIjoiMjAyMi0wMS0xNFQxMzowMDozMS4wMDBaIiwibGFzdExvZ2luVGltZSI6IjIwMjItMDEtMTRUMTM6MDA6MzEuMDAwWiJ9LCJpYXQiOjE2NDIyNTQ1MjYsImV4cCI6MTY0MjI1ODEyNn0.nFMDjPMMLRfiwt6iXnhAX5FtA8OiB6kCS9U71ltN2hU","content-type":"application/json;charset=UTF-8","accept":"application/json, text/plain, */*","sec-ch-ua":"\" Not;A Brand\";v=\"99\", \"Google Chrome\";v=\"97\", \"Chromium\";v=\"97\"","cache-control":"no-cache","pragma":"no-cache","content-length":"213","connection":"close","host":"localhost:8080"}}
    ReferenceError: userId is not defined
    at createUser (/Users/stephen_ho_account/Documents/code/admin-server/src/controller/users.controller.js:31:13)
    at dispatch (/Users/stephen_ho_account/Documents/code/admin-server/node_modules/koa-compose/index.js:42:32)
    at verifyToken (/Users/stephen_ho_account/Documents/code/admin-server/src/middleware/auth.js:22:11)
    at dispatch (/Users/stephen_ho_account/Documents/code/admin-server/node_modules/koa-compose/index.js:42:32)
    at /Users/stephen_ho_account/Documents/code/admin-server/node_modules/koa-router/lib/router.js:372:16
    at dispatch (/Users/stephen_ho_account/Documents/code/admin-server/node_modules/koa-compose/index.js:42:32)
    at /Users/stephen_ho_account/Documents/code/admin-server/node_modules/koa-compose/index.js:34:12
    at dispatch (/Users/stephen_ho_account/Documents/code/admin-server/node_modules/koa-router/lib/router.js:377:31)
    at dispatch (/Users/stephen_ho_account/Documents/code/admin-server/node_modules/koa-compose/index.js:42:32)
    at dispatch (/Users/stephen_ho_account/Documents/code/admin-server/node_modules/koa-router/lib/router.js:353:32)
    
[2022-01-15T22:51:06.061] [ERROR] error - ValidationError: users validation failed: createTime: Cast to date failed for value "[Function: toISOString]" (type function) at path "createTime"
    at model.Document.invalidate (/Users/stephen_ho_account/Documents/code/admin-server/node_modules/mongoose/lib/document.js:2917:32)
    at model.$set (/Users/stephen_ho_account/Documents/code/admin-server/node_modules/mongoose/lib/document.js:1454:12)
    at model.$set (/Users/stephen_ho_account/Documents/code/admin-server/node_modules/mongoose/lib/document.js:1149:16)
    at model.Document (/Users/stephen_ho_account/Documents/code/admin-server/node_modules/mongoose/lib/document.js:158:12)
    at model.Model (/Users/stephen_ho_account/Documents/code/admin-server/node_modules/mongoose/lib/model.js:107:12)
    at new model (/Users/stephen_ho_account/Documents/code/admin-server/node_modules/mongoose/lib/model.js:4793:15)
    at /Users/stephen_ho_account/Documents/code/admin-server/node_modules/mongoose/lib/model.js:3126:22
    at /Users/stephen_ho_account/Documents/code/admin-server/node_modules/mongoose/lib/model.js:3162:7
    at Array.forEach (<anonymous>)
    at /Users/stephen_ho_account/Documents/code/admin-server/node_modules/mongoose/lib/model.js:3161:15
[2022-01-15T22:52:49.938] [ERROR] error - TypeError: (intermediate value).now is not a function
    at addUser (/Users/stephen_ho_account/Documents/code/admin-server/src/service/users.service.js:52:53)
    at createUser (/Users/stephen_ho_account/Documents/code/admin-server/src/controller/users.controller.js:35:25)
    at dispatch (/Users/stephen_ho_account/Documents/code/admin-server/node_modules/koa-compose/index.js:42:32)
    at verifyToken (/Users/stephen_ho_account/Documents/code/admin-server/src/middleware/auth.js:22:11)
    at dispatch (/Users/stephen_ho_account/Documents/code/admin-server/node_modules/koa-compose/index.js:42:32)
    at /Users/stephen_ho_account/Documents/code/admin-server/node_modules/koa-router/lib/router.js:372:16
    at dispatch (/Users/stephen_ho_account/Documents/code/admin-server/node_modules/koa-compose/index.js:42:32)
    at /Users/stephen_ho_account/Documents/code/admin-server/node_modules/koa-compose/index.js:34:12
    at dispatch (/Users/stephen_ho_account/Documents/code/admin-server/node_modules/koa-router/lib/router.js:377:31)
    at dispatch (/Users/stephen_ho_account/Documents/code/admin-server/node_modules/koa-compose/index.js:42:32)
