[2022-01-10T15:24:46.130] [ERROR] error - 
    {"userName":"admin","userPwd":"admin"}
    {"method":"POST","url":"/api/users/login","header":{"cookie":"username-localhost-8888=\"2|1:0|10:1640856662|23:username-localhost-8888|44:YmJjOTVkM2E2MzdiNDhiZDkzNTE4YTI2OTRkMDIyNjc=|e38cfcf629220ead254f05387b01a61183bcec3c1cc5a09dfbbae990a898e272\"","accept-language":"zh-CN,zh;q=0.9,en;q=0.8","accept-encoding":"gzip, deflate, br","referer":"http://localhost:8080/","sec-fetch-dest":"empty","sec-fetch-mode":"cors","sec-fetch-site":"same-origin","origin":"http://localhost:8080","sec-ch-ua-platform":"\"Windows\"","user-agent":"Mozilla/5.0 (Windows NT 10.0; Win64; x64) AppleWebKit/537.36 (KHTML, like Gecko) Chrome/97.0.4692.71 Safari/537.36","sec-ch-ua-mobile":"?0","authorization":"Bear 123423","content-type":"application/json;charset=UTF-8","accept":"application/json, text/plain, */*","sec-ch-ua":"\" Not;A Brand\";v=\"99\", \"Google Chrome\";v=\"97\", \"Chromium\";v=\"97\"","content-length":"38","connection":"close","host":"localhost:8080"}}
    Error: Expected "payload" to be a plain object.
    at validate (F:\code\node-koa\node_modules\jsonwebtoken\sign.js:40:11)
    at validatePayload (F:\code\node-koa\node_modules\jsonwebtoken\sign.js:62:10)
    at Object.module.exports [as sign] (F:\code\node-koa\node_modules\jsonwebtoken\sign.js:114:7)
    at login (F:\code\node-koa\src\controller\users.controller.js:44:33)
    
[2022-01-10T15:27:32.277] [ERROR] error - 
    {"userName":"admin","userPwd":"admin"}
    {"method":"POST","url":"/api/users/login","header":{"cookie":"username-localhost-8888=\"2|1:0|10:1640856662|23:username-localhost-8888|44:YmJjOTVkM2E2MzdiNDhiZDkzNTE4YTI2OTRkMDIyNjc=|e38cfcf629220ead254f05387b01a61183bcec3c1cc5a09dfbbae990a898e272\"","accept-language":"zh-CN,zh;q=0.9,en;q=0.8","accept-encoding":"gzip, deflate, br","referer":"http://localhost:8080/","sec-fetch-dest":"empty","sec-fetch-mode":"cors","sec-fetch-site":"same-origin","origin":"http://localhost:8080","sec-ch-ua-platform":"\"Windows\"","user-agent":"Mozilla/5.0 (Windows NT 10.0; Win64; x64) AppleWebKit/537.36 (KHTML, like Gecko) Chrome/97.0.4692.71 Safari/537.36","sec-ch-ua-mobile":"?0","authorization":"Bear 123423","content-type":"application/json;charset=UTF-8","accept":"application/json, text/plain, */*","sec-ch-ua":"\" Not;A Brand\";v=\"99\", \"Google Chrome\";v=\"97\", \"Chromium\";v=\"97\"","content-length":"38","connection":"close","host":"localhost:8080"}}
    Error: Expected "payload" to be a plain object.
    at validate (F:\code\node-koa\node_modules\jsonwebtoken\sign.js:40:11)
    at validatePayload (F:\code\node-koa\node_modules\jsonwebtoken\sign.js:62:10)
    at Object.module.exports [as sign] (F:\code\node-koa\node_modules\jsonwebtoken\sign.js:114:7)
    at login (F:\code\node-koa\src\controller\users.controller.js:45:33)
    
[2022-01-10T15:32:39.432] [ERROR] error - 
    {"userName":"admin","userPwd":"admin"}
    {"method":"POST","url":"/api/users/login","header":{"cookie":"username-localhost-8888=\"2|1:0|10:1640856662|23:username-localhost-8888|44:YmJjOTVkM2E2MzdiNDhiZDkzNTE4YTI2OTRkMDIyNjc=|e38cfcf629220ead254f05387b01a61183bcec3c1cc5a09dfbbae990a898e272\"","accept-language":"zh-CN,zh;q=0.9,en;q=0.8","accept-encoding":"gzip, deflate, br","referer":"http://localhost:8080/","sec-fetch-dest":"empty","sec-fetch-mode":"cors","sec-fetch-site":"same-origin","origin":"http://localhost:8080","sec-ch-ua-platform":"\"Windows\"","user-agent":"Mozilla/5.0 (Windows NT 10.0; Win64; x64) AppleWebKit/537.36 (KHTML, like Gecko) Chrome/97.0.4692.71 Safari/537.36","sec-ch-ua-mobile":"?0","authorization":"Bear eyJhbGciOiJIUzI1NiIsInR5cCI6IkpXVCJ9.eyJfaWQiOiI2MWRhNTczNGEwNjcwMDAwNDIwMDA5NDYiLCJ1c2VySWQiOjEwMDAwMDEsInVzZXJOYW1lIjoiYWRtaW4iLCJ1c2VyUHdkIjoiJDJhJDEwJGc1eEZkSFRZQmhKc01UeS5aSXZKa09sRDVUNXZMbHFmR0pWcXpNNm5yR1NJZ2ZSUktqRG5HIiwidXNlckVtYWlsIjoiYWRtaW5AaW1vb2MuY29tIiwibW9iaWxlIjoiMTM3ODg4ODg4ODgiLCJzZXgiOjAsImRlcHRJZCI6W10sImpvYiI6IuWJjeerr-aetuaehOW4iCIsInN0YXRlIjoxLCJyb2xlIjowLCJyb2xlTGlzdCI6W10sImNyZWF0ZVRpbWUiOiIyMDIxLTAxLTE3VDEzOjMyOjA2LjM4MVoiLCJsYXN0TG9naW5UaW1lIjoiMjAyMS0wMS0xN1QxMzozMjowNi4zODFaIiwiaWF0IjoxNjQxNzk5ODUyLCJleHAiOjE2NDE4MDM0NTJ9.APi9szZsMtWtz1CXO28XK0lLHkYgafM71wgAJMwFzQ8","content-type":"application/json;charset=UTF-8","accept":"application/json, text/plain, */*","sec-ch-ua":"\" Not;A Brand\";v=\"99\", \"Google Chrome\";v=\"97\", \"Chromium\";v=\"97\"","content-length":"38","connection":"close","host":"localhost:8080"}}
    TypeError: res.toJSON is not a function
    at login (F:\code\node-koa\src\controller\users.controller.js:43:42)
    
