[2022-01-13T14:11:49.182] [ERROR] error - 
    {"userName":"admin","userPwd":"admin"}
    {"method":"POST","url":"/api/users/login","header":{"cookie":"username-localhost-8888=\"2|1:0|10:1640856662|23:username-localhost-8888|44:YmJjOTVkM2E2MzdiNDhiZDkzNTE4YTI2OTRkMDIyNjc=|e38cfcf629220ead254f05387b01a61183bcec3c1cc5a09dfbbae990a898e272\"","accept-language":"zh-CN,zh;q=0.9,en;q=0.8","accept-encoding":"gzip, deflate, br","referer":"http://localhost:8080/","sec-fetch-dest":"empty","sec-fetch-mode":"cors","sec-fetch-site":"same-origin","origin":"http://localhost:8080","sec-ch-ua-platform":"\"Windows\"","user-agent":"Mozilla/5.0 (Windows NT 10.0; Win64; x64) AppleWebKit/537.36 (KHTML, like Gecko) Chrome/97.0.4692.71 Safari/537.36","sec-ch-ua-mobile":"?0","authorization":"Bearer undefined","content-type":"application/json;charset=UTF-8","accept":"application/json, text/plain, */*","sec-ch-ua":"\" Not;A Brand\";v=\"99\", \"Google Chrome\";v=\"97\", \"Chromium\";v=\"97\"","content-length":"38","connection":"close","host":"localhost:8080"}}
    Error: Illegal arguments: string, undefined
    at _async (F:\code\node-koa\node_modules\bcryptjs\dist\bcrypt.js:286:46)
    at F:\code\node-koa\node_modules\bcryptjs\dist\bcrypt.js:307:17
    at new Promise (<anonymous>)
    at Object.bcrypt.compare (F:\code\node-koa\node_modules\bcryptjs\dist\bcrypt.js:306:20)
    at login (F:\code\node-koa\src\controller\users.controller.js:42:47)
    at processTicksAndRejections (internal/process/task_queues.js:97:5)
    
[2022-01-13T14:59:10.162] [ERROR] error - 
    {}
    {"method":"GET","url":"/api/users/list?state=0&pageNum=1&pageSize=10","header":{"cookie":"username-localhost-8888=\"2|1:0|10:1640856662|23:username-localhost-8888|44:YmJjOTVkM2E2MzdiNDhiZDkzNTE4YTI2OTRkMDIyNjc=|e38cfcf629220ead254f05387b01a61183bcec3c1cc5a09dfbbae990a898e272\"","accept-language":"zh-CN,zh;q=0.9,en;q=0.8","accept-encoding":"gzip, deflate, br","referer":"http://localhost:8080/","sec-fetch-dest":"empty","sec-fetch-mode":"cors","sec-fetch-site":"same-origin","sec-ch-ua-platform":"\"Windows\"","user-agent":"Mozilla/5.0 (Windows NT 10.0; Win64; x64) AppleWebKit/537.36 (KHTML, like Gecko) Chrome/97.0.4692.71 Safari/537.36","sec-ch-ua-mobile":"?0","authorization":"Bearer eyJhbGciOiJIUzI1NiIsInR5cCI6IkpXVCJ9.eyJ1c2VySWQiOjEwMDAwMDEsInVzZXJOYW1lIjoiYWRtaW4iLCJ1c2VyUHdkIjoiJDJhJDEwJGc1eEZkSFRZQmhKc01UeS5aSXZKa09sRDVUNXZMbHFmR0pWcXpNNm5yR1NJZ2ZSUktqRG5HIiwidXNlckVtYWlsIjoiYWRtaW5AcXEuY29tIiwiZGVwdElkIjpbXSwic3RhdGUiOjEsInJvbGUiOjAsInJvbGVMaXN0IjpbXSwiaWF0IjoxNjQyMDU0OTQ4LCJleHAiOjE2NDIwNTg1NDh9.sXp8nZoI0Q1SHoyZviNU-ivKX6ZLeFPVbII129XmcYI","content-type":"application/json;charset=utf-8","accept":"application/json, text/plain, */*","sec-ch-ua":"\" Not;A Brand\";v=\"99\", \"Google Chrome\";v=\"97\", \"Chromium\";v=\"97\"","connection":"close","host":"localhost:8080"}}
    TypeError: log4js is not a function
    at userList (F:\code\node-koa\src\controller\users.controller.js:86:13)
    at dispatch (F:\code\node-koa\node_modules\koa-compose\index.js:42:32)
    at verifyToken (F:\code\node-koa\src\middleware\auth.js:24:11)
    at dispatch (F:\code\node-koa\node_modules\koa-compose\index.js:42:32)
    at F:\code\node-koa\node_modules\koa-router\lib\router.js:372:16
    at dispatch (F:\code\node-koa\node_modules\koa-compose\index.js:42:32)
    at F:\code\node-koa\node_modules\koa-compose\index.js:34:12
    at dispatch (F:\code\node-koa\node_modules\koa-router\lib\router.js:377:31)
    at dispatch (F:\code\node-koa\node_modules\koa-compose\index.js:42:32)
    at dispatch (F:\code\node-koa\node_modules\koa-router\lib\router.js:353:32)
    
[2022-01-13T14:59:48.934] [ERROR] error - 
    {}
    {"method":"GET","url":"/api/users/list?state=0&pageNum=1&pageSize=10","header":{"cookie":"username-localhost-8888=\"2|1:0|10:1640856662|23:username-localhost-8888|44:YmJjOTVkM2E2MzdiNDhiZDkzNTE4YTI2OTRkMDIyNjc=|e38cfcf629220ead254f05387b01a61183bcec3c1cc5a09dfbbae990a898e272\"","accept-language":"zh-CN,zh;q=0.9,en;q=0.8","accept-encoding":"gzip, deflate, br","referer":"http://localhost:8080/","sec-fetch-dest":"empty","sec-fetch-mode":"cors","sec-fetch-site":"same-origin","sec-ch-ua-platform":"\"Windows\"","user-agent":"Mozilla/5.0 (Windows NT 10.0; Win64; x64) AppleWebKit/537.36 (KHTML, like Gecko) Chrome/97.0.4692.71 Safari/537.36","sec-ch-ua-mobile":"?0","authorization":"Bearer eyJhbGciOiJIUzI1NiIsInR5cCI6IkpXVCJ9.eyJ1c2VySWQiOjEwMDAwMDEsInVzZXJOYW1lIjoiYWRtaW4iLCJ1c2VyUHdkIjoiJDJhJDEwJGc1eEZkSFRZQmhKc01UeS5aSXZKa09sRDVUNXZMbHFmR0pWcXpNNm5yR1NJZ2ZSUktqRG5HIiwidXNlckVtYWlsIjoiYWRtaW5AcXEuY29tIiwiZGVwdElkIjpbXSwic3RhdGUiOjEsInJvbGUiOjAsInJvbGVMaXN0IjpbXSwiaWF0IjoxNjQyMDU0OTQ4LCJleHAiOjE2NDIwNTg1NDh9.sXp8nZoI0Q1SHoyZviNU-ivKX6ZLeFPVbII129XmcYI","content-type":"application/json;charset=utf-8","accept":"application/json, text/plain, */*","sec-ch-ua":"\" Not;A Brand\";v=\"99\", \"Google Chrome\";v=\"97\", \"Chromium\";v=\"97\"","connection":"close","host":"localhost:8080"}}
    TypeError: log4js is not a function
    at userList (F:\code\node-koa\src\controller\users.controller.js:86:13)
    at dispatch (F:\code\node-koa\node_modules\koa-compose\index.js:42:32)
    at verifyToken (F:\code\node-koa\src\middleware\auth.js:23:11)
    at dispatch (F:\code\node-koa\node_modules\koa-compose\index.js:42:32)
    at F:\code\node-koa\node_modules\koa-router\lib\router.js:372:16
    at dispatch (F:\code\node-koa\node_modules\koa-compose\index.js:42:32)
    at F:\code\node-koa\node_modules\koa-compose\index.js:34:12
    at dispatch (F:\code\node-koa\node_modules\koa-router\lib\router.js:377:31)
    at dispatch (F:\code\node-koa\node_modules\koa-compose\index.js:42:32)
    at dispatch (F:\code\node-koa\node_modules\koa-router\lib\router.js:353:32)
    
