[2022-01-08T22:08:58.566] [ERROR] error - SyntaxError: Unexpected number in JSON at position 42
    at JSON.parse (<anonymous>)
    at parse (/Users/stephen_ho_account/Documents/code/admin-server/node_modules/co-body/lib/json.js:62:17)
    at /Users/stephen_ho_account/Documents/code/admin-server/node_modules/co-body/lib/json.js:45:22
    at processTicksAndRejections (internal/process/task_queues.js:93:5)
[2022-01-08T22:09:36.861] [ERROR] error - SyntaxError: Unexpected token / in JSON at position 30
    at JSON.parse (<anonymous>)
    at parse (/Users/stephen_ho_account/Documents/code/admin-server/node_modules/co-body/lib/json.js:62:17)
    at /Users/stephen_ho_account/Documents/code/admin-server/node_modules/co-body/lib/json.js:45:22
    at processTicksAndRejections (internal/process/task_queues.js:93:5)
[2022-01-08T22:09:49.314] [ERROR] error - SyntaxError: Unexpected token / in JSON at position 29
    at JSON.parse (<anonymous>)
    at parse (/Users/stephen_ho_account/Documents/code/admin-server/node_modules/co-body/lib/json.js:62:17)
    at /Users/stephen_ho_account/Documents/code/admin-server/node_modules/co-body/lib/json.js:45:22
    at processTicksAndRejections (internal/process/task_queues.js:93:5)
[2022-01-08T22:13:38.509] [ERROR] error - 
    {"method":"POST","url":"/api/users/login","header":{"content-length":"27","connection":"close","accept-encoding":"gzip, deflate, br","host":"localhost:8080","postman-token":"94353077-600c-4d6e-bceb-6bea19a41d4a","accept":"*/*","user-agent":"PostmanRuntime/7.26.10","content-type":"application/json"}}
    SyntaxError: Unexpected token } in JSON at position 26
    at JSON.parse (<anonymous>)
    at parse (/Users/stephen_ho_account/Documents/code/admin-server/node_modules/co-body/lib/json.js:62:17)
    at /Users/stephen_ho_account/Documents/code/admin-server/node_modules/co-body/lib/json.js:45:22
    at processTicksAndRejections (internal/process/task_queues.js:93:5)
    
