[2022-01-18T11:21:43.013] [ERROR] error - 
    {"menuState":1,"menuType":1,"children":[],"_id":"6030ca8f93f0e159c8390f0c","parentId":["600d4075e218daaf4ec77e52","600d525e602f452aaeeffcd9","6030ca8f93f0e159c8390f0c"],"updateTime":"2022-01-18T03:09:02.768Z","createTime":"2022-01-17T09:54:24.657Z","menuName":"daaaaaaaa","icon":"asdasssss","path":"asddddddddd","component":"ddassssss"}
    {"method":"POST","url":"/api/menus/create","header":{"cookie":"username-localhost-8888=\"2|1:0|10:1640856662|23:username-localhost-8888|44:YmJjOTVkM2E2MzdiNDhiZDkzNTE4YTI2OTRkMDIyNjc=|e38cfcf629220ead254f05387b01a61183bcec3c1cc5a09dfbbae990a898e272\"","accept-language":"zh-CN,zh;q=0.9,en;q=0.8","accept-encoding":"gzip, deflate, br","referer":"http://localhost:8080/","sec-fetch-dest":"empty","sec-fetch-mode":"cors","sec-fetch-site":"same-origin","origin":"http://localhost:8080","sec-ch-ua-platform":"\"Windows\"","user-agent":"Mozilla/5.0 (Windows NT 10.0; Win64; x64) AppleWebKit/537.36 (KHTML, like Gecko) Chrome/97.0.4692.71 Safari/537.36","sec-ch-ua-mobile":"?0","authorization":"Bearer eyJhbGciOiJIUzI1NiIsInR5cCI6IkpXVCJ9.eyJ1c2VySW5mbyI6eyJfaWQiOiI2MWUxM2E1MTkxMDgwMDAwYWMwMDM0ODkiLCJ1c2VySWQiOiIxMDAwMDAwIiwidXNlck5hbWUiOiJhZG1pbiIsInVzZXJFbWFpbCI6ImFkbWluQG1hbmFnZXIuY29tIiwibW9iaWxlIjoiMTM3ODg4ODg4MzUiLCJzZXgiOjAsImRlcHRJZCI6WyI2MDE2NzA1OWM5MDI3YjdkMmM1MjBhNjEiLCI2MDE2NzI4ZmM2YTQ0MTdmMmQyNzUwNmUiXSwiam9iIjoi5YmN56uv5bCP5ZKv5ZKvIiwic3RhdGUiOjEsInJvbGUiOjAsInJvbGVMaXN0IjpbIjYwMTgwYjY0YjFlYWVkNmM0NWZiZWJkZSIsIjYwMTgwYjY5YjFlYWVkNmM0NWZiZWJkZiJdLCJjcmVhdGVUaW1lIjoiMjAyMi0wMS0xNFQxMzowMDozMS4wMDBaIiwibGFzdExvZ2luVGltZSI6IjIwMjItMDEtMTRUMTM6MDA6MzEuMDAwWiJ9LCJpYXQiOjE2NDI0NzQ0ODAsImV4cCI6MTY0MjQ3ODA4MH0.Y8Y4DfUaBp2pQXin4R8clR96ZHcGdB4x95z58e1-vMU","content-type":"application/json;charset=UTF-8","accept":"application/json, text/plain, */*","sec-ch-ua":"\" Not;A Brand\";v=\"99\", \"Google Chrome\";v=\"97\", \"Chromium\";v=\"97\"","content-length":"336","connection":"close","host":"localhost:8080"}}
    ReferenceError: param is not defined
    at add (F:\code\node-koa\src\service\menus.service.js:41:42)
    at createMenu (F:\code\node-koa\src\controller\menus.controller.js:15:25)
    at dispatch (F:\code\node-koa\node_modules\koa-compose\index.js:42:32)
    at verifyToken (F:\code\node-koa\src\middleware\auth.js:22:11)
    at dispatch (F:\code\node-koa\node_modules\koa-compose\index.js:42:32)
    at F:\code\node-koa\node_modules\koa-router\lib\router.js:372:16
    at dispatch (F:\code\node-koa\node_modules\koa-compose\index.js:42:32)
    at F:\code\node-koa\node_modules\koa-compose\index.js:34:12
    at dispatch (F:\code\node-koa\node_modules\koa-router\lib\router.js:377:31)
    at dispatch (F:\code\node-koa\node_modules\koa-compose\index.js:42:32)
    
[2022-01-18T11:22:06.771] [ERROR] error - 
    {"menuState":1,"menuType":1,"children":[],"_id":"6030ca8f93f0e159c8390f0c","parentId":["600d4075e218daaf4ec77e52","600d525e602f452aaeeffcd9","6030ca8f93f0e159c8390f0c"],"updateTime":"2022-01-18T03:09:02.768Z","createTime":"2022-01-17T09:54:24.657Z","menuName":"daaaaaaaa","icon":"asdasssss","path":"asddddddddd","component":"ddassssss"}
    {"method":"POST","url":"/api/menus/create","header":{"cookie":"username-localhost-8888=\"2|1:0|10:1640856662|23:username-localhost-8888|44:YmJjOTVkM2E2MzdiNDhiZDkzNTE4YTI2OTRkMDIyNjc=|e38cfcf629220ead254f05387b01a61183bcec3c1cc5a09dfbbae990a898e272\"","accept-language":"zh-CN,zh;q=0.9,en;q=0.8","accept-encoding":"gzip, deflate, br","referer":"http://localhost:8080/","sec-fetch-dest":"empty","sec-fetch-mode":"cors","sec-fetch-site":"same-origin","origin":"http://localhost:8080","sec-ch-ua-platform":"\"Windows\"","user-agent":"Mozilla/5.0 (Windows NT 10.0; Win64; x64) AppleWebKit/537.36 (KHTML, like Gecko) Chrome/97.0.4692.71 Safari/537.36","sec-ch-ua-mobile":"?0","authorization":"Bearer eyJhbGciOiJIUzI1NiIsInR5cCI6IkpXVCJ9.eyJ1c2VySW5mbyI6eyJfaWQiOiI2MWUxM2E1MTkxMDgwMDAwYWMwMDM0ODkiLCJ1c2VySWQiOiIxMDAwMDAwIiwidXNlck5hbWUiOiJhZG1pbiIsInVzZXJFbWFpbCI6ImFkbWluQG1hbmFnZXIuY29tIiwibW9iaWxlIjoiMTM3ODg4ODg4MzUiLCJzZXgiOjAsImRlcHRJZCI6WyI2MDE2NzA1OWM5MDI3YjdkMmM1MjBhNjEiLCI2MDE2NzI4ZmM2YTQ0MTdmMmQyNzUwNmUiXSwiam9iIjoi5YmN56uv5bCP5ZKv5ZKvIiwic3RhdGUiOjEsInJvbGUiOjAsInJvbGVMaXN0IjpbIjYwMTgwYjY0YjFlYWVkNmM0NWZiZWJkZSIsIjYwMTgwYjY5YjFlYWVkNmM0NWZiZWJkZiJdLCJjcmVhdGVUaW1lIjoiMjAyMi0wMS0xNFQxMzowMDozMS4wMDBaIiwibGFzdExvZ2luVGltZSI6IjIwMjItMDEtMTRUMTM6MDA6MzEuMDAwWiJ9LCJpYXQiOjE2NDI0NzQ0ODAsImV4cCI6MTY0MjQ3ODA4MH0.Y8Y4DfUaBp2pQXin4R8clR96ZHcGdB4x95z58e1-vMU","content-type":"application/json;charset=UTF-8","accept":"application/json, text/plain, */*","sec-ch-ua":"\" Not;A Brand\";v=\"99\", \"Google Chrome\";v=\"97\", \"Chromium\";v=\"97\"","content-length":"336","connection":"close","host":"localhost:8080"}}
    MongooseError: document must have an _id before saving
    at F:\code\node-koa\node_modules\mongoose\lib\model.js:288:18
    at processTicksAndRejections (internal/process/task_queues.js:79:11)
    
